[2.301s] Invoking command in '/home/chakrireddy1974/RAS-SES-598-Space-Robotics-and-AI/build/dreams_stereo': DEBUGINFOD_URLS=https://debuginfod.ubuntu.com PYTHONPATH=/home/chakrireddy1974/RAS-SES-598-Space-Robotics-and-AI/build/dreams_stereo/prefix_override:/usr/lib/python3/dist-packages/colcon_core/task/python/colcon_distutils_commands:/home/chakrireddy1974/RAS-SES-598-Space-Robotics-and-AI/install/dreams_stereo/lib/python3.12/site-packages:${PYTHONPATH} /usr/bin/python3 -W ignore:setup.py install is deprecated -W ignore:easy_install command is deprecated setup.py develop --editable --build-directory /home/chakrireddy1974/RAS-SES-598-Space-Robotics-and-AI/build/dreams_stereo/build --no-deps symlink_data
[3.097s] running develop
[3.483s] /usr/lib/python3/dist-packages/setuptools/command/easy_install.py:363: UserWarning: Unbuilt egg for pytest-repeat [unknown version] (/usr/lib/python3/dist-packages)
[3.483s]   self.local_index = Environment(self.shadow_path + sys.path)
[3.636s] running egg_info
[3.690s] writing dreams_stereo.egg-info/PKG-INFO
[3.691s] writing dependency_links to dreams_stereo.egg-info/dependency_links.txt
[3.692s] writing entry points to dreams_stereo.egg-info/entry_points.txt
[3.692s] writing requirements to dreams_stereo.egg-info/requires.txt
[3.695s] writing top-level names to dreams_stereo.egg-info/top_level.txt
[3.790s] reading manifest file 'dreams_stereo.egg-info/SOURCES.txt'
[3.793s] writing manifest file 'dreams_stereo.egg-info/SOURCES.txt'
[3.872s] running build_ext
[3.873s] Creating /home/chakrireddy1974/RAS-SES-598-Space-Robotics-and-AI/install/dreams_stereo/lib/python3.12/site-packages/dreams-stereo.egg-link (link to .)
[3.887s] Installing feature_matcher script to /home/chakrireddy1974/RAS-SES-598-Space-Robotics-and-AI/install/dreams_stereo/lib/dreams_stereo
[3.889s] Installing feature_tracker script to /home/chakrireddy1974/RAS-SES-598-Space-Robotics-and-AI/install/dreams_stereo/lib/dreams_stereo
[3.891s] Installing stereo_processor script to /home/chakrireddy1974/RAS-SES-598-Space-Robotics-and-AI/install/dreams_stereo/lib/dreams_stereo
[3.961s] 
[3.962s] Installed /home/chakrireddy1974/RAS-SES-598-Space-Robotics-and-AI/build/dreams_stereo
[3.962s] running symlink_data
[3.975s] Invoked command in '/home/chakrireddy1974/RAS-SES-598-Space-Robotics-and-AI/build/dreams_stereo' returned '0': DEBUGINFOD_URLS=https://debuginfod.ubuntu.com PYTHONPATH=/home/chakrireddy1974/RAS-SES-598-Space-Robotics-and-AI/build/dreams_stereo/prefix_override:/usr/lib/python3/dist-packages/colcon_core/task/python/colcon_distutils_commands:/home/chakrireddy1974/RAS-SES-598-Space-Robotics-and-AI/install/dreams_stereo/lib/python3.12/site-packages:${PYTHONPATH} /usr/bin/python3 -W ignore:setup.py install is deprecated -W ignore:easy_install command is deprecated setup.py develop --editable --build-directory /home/chakrireddy1974/RAS-SES-598-Space-Robotics-and-AI/build/dreams_stereo/build --no-deps symlink_data
