[5.511s] Invoking command in '/home/chakrireddy1974/RAS-SES-598-Space-Robotics-and-AI/build/dreams_stereo': DEBUGINFOD_URLS=https://debuginfod.ubuntu.com PYTHONPATH=/home/chakrireddy1974/RAS-SES-598-Space-Robotics-and-AI/build/dreams_stereo/prefix_override:/usr/lib/python3/dist-packages/colcon_core/task/python/colcon_distutils_commands:/home/chakrireddy1974/RAS-SES-598-Space-Robotics-and-AI/install/dreams_stereo/lib/python3.12/site-packages: /usr/bin/python3 -W ignore:setup.py install is deprecated -W ignore:easy_install command is deprecated setup.py develop --editable --build-directory /home/chakrireddy1974/RAS-SES-598-Space-Robotics-and-AI/build/dreams_stereo/build --no-deps symlink_data
[5.906s] running develop
[6.101s] /usr/lib/python3/dist-packages/setuptools/command/easy_install.py:363: UserWarning: Unbuilt egg for pytest-repeat [unknown version] (/usr/lib/python3/dist-packages)
[6.101s]   self.local_index = Environment(self.shadow_path + sys.path)
[6.145s] running egg_info
[6.145s] creating dreams_stereo.egg-info
[6.162s] writing dreams_stereo.egg-info/PKG-INFO
[6.163s] writing dependency_links to dreams_stereo.egg-info/dependency_links.txt
[6.163s] writing entry points to dreams_stereo.egg-info/entry_points.txt
[6.163s] writing requirements to dreams_stereo.egg-info/requires.txt
[6.163s] writing top-level names to dreams_stereo.egg-info/top_level.txt
[6.163s] writing manifest file 'dreams_stereo.egg-info/SOURCES.txt'
[6.203s] reading manifest file 'dreams_stereo.egg-info/SOURCES.txt'
[6.204s] writing manifest file 'dreams_stereo.egg-info/SOURCES.txt'
[6.227s] running build_ext
[6.227s] Creating /home/chakrireddy1974/RAS-SES-598-Space-Robotics-and-AI/install/dreams_stereo/lib/python3.12/site-packages/dreams-stereo.egg-link (link to .)
[6.228s] Installing feature_matcher script to /home/chakrireddy1974/RAS-SES-598-Space-Robotics-and-AI/install/dreams_stereo/lib/dreams_stereo
[6.228s] Installing feature_tracker script to /home/chakrireddy1974/RAS-SES-598-Space-Robotics-and-AI/install/dreams_stereo/lib/dreams_stereo
[6.229s] Installing stereo_processor script to /home/chakrireddy1974/RAS-SES-598-Space-Robotics-and-AI/install/dreams_stereo/lib/dreams_stereo
[6.229s] 
[6.229s] Installed /home/chakrireddy1974/RAS-SES-598-Space-Robotics-and-AI/build/dreams_stereo
[6.229s] running symlink_data
[6.229s] creating /home/chakrireddy1974/RAS-SES-598-Space-Robotics-and-AI/install/dreams_stereo/share/ament_index
[6.230s] creating /home/chakrireddy1974/RAS-SES-598-Space-Robotics-and-AI/install/dreams_stereo/share/ament_index/resource_index
[6.230s] creating /home/chakrireddy1974/RAS-SES-598-Space-Robotics-and-AI/install/dreams_stereo/share/ament_index/resource_index/packages
[6.232s] symbolically linking /home/chakrireddy1974/RAS-SES-598-Space-Robotics-and-AI/build/dreams_stereo/resource/dreams_stereo -> /home/chakrireddy1974/RAS-SES-598-Space-Robotics-and-AI/install/dreams_stereo/share/ament_index/resource_index/packages
[6.232s] symbolically linking /home/chakrireddy1974/RAS-SES-598-Space-Robotics-and-AI/build/dreams_stereo/package.xml -> /home/chakrireddy1974/RAS-SES-598-Space-Robotics-and-AI/install/dreams_stereo/share/dreams_stereo
[6.279s] Invoked command in '/home/chakrireddy1974/RAS-SES-598-Space-Robotics-and-AI/build/dreams_stereo' returned '0': DEBUGINFOD_URLS=https://debuginfod.ubuntu.com PYTHONPATH=/home/chakrireddy1974/RAS-SES-598-Space-Robotics-and-AI/build/dreams_stereo/prefix_override:/usr/lib/python3/dist-packages/colcon_core/task/python/colcon_distutils_commands:/home/chakrireddy1974/RAS-SES-598-Space-Robotics-and-AI/install/dreams_stereo/lib/python3.12/site-packages: /usr/bin/python3 -W ignore:setup.py install is deprecated -W ignore:easy_install command is deprecated setup.py develop --editable --build-directory /home/chakrireddy1974/RAS-SES-598-Space-Robotics-and-AI/build/dreams_stereo/build --no-deps symlink_data
