[4.037s] DEBUG:colcon:Command line arguments: ['/usr/bin/colcon', 'build', '--packages-select', 'terrain_mapping_drone_control', '--symlink-install']
[4.037s] DEBUG:colcon:Parsed command line arguments: Namespace(log_base=None, log_level=None, verb_name='build', build_base='build', install_base='install', merge_install=False, symlink_install=True, test_result_base=None, continue_on_error=False, executor='parallel', parallel_workers=4, event_handlers=None, ignore_user_meta=False, metas=['./colcon.meta'], base_paths=['.'], packages_ignore=None, packages_ignore_regex=None, paths=None, packages_up_to=None, packages_up_to_regex=None, packages_above=None, packages_above_and_dependencies=None, packages_above_depth=None, packages_select_by_dep=None, packages_skip_by_dep=None, packages_skip_up_to=None, packages_select_build_failed=False, packages_skip_build_finished=False, packages_select_test_failures=False, packages_skip_test_passed=False, packages_select=['terrain_mapping_drone_control'], packages_skip=None, packages_select_regex=None, packages_skip_regex=None, packages_start=None, packages_end=None, allow_overriding=[], cmake_args=None, cmake_target=None, cmake_target_skip_unavailable=False, cmake_clean_cache=False, cmake_clean_first=False, cmake_force_configure=False, ament_cmake_args=None, catkin_cmake_args=None, catkin_skip_building_tests=False, mixin_files=None, mixin=None, verb_parser=<colcon_mixin.mixin.mixin_argument.MixinArgumentDecorator object at 0x779601a9ab70>, verb_extension=<colcon_core.verb.build.BuildVerb object at 0x779601a9a930>, main=<bound method BuildVerb.main of <colcon_core.verb.build.BuildVerb object at 0x779601a9a930>>, mixin_verb=('build',))
[4.342s] Level 1:colcon.colcon_core.package_discovery:discover_packages(colcon_meta) check parameters
[4.342s] Level 1:colcon.colcon_core.package_discovery:discover_packages(recursive) check parameters
[4.342s] Level 1:colcon.colcon_core.package_discovery:discover_packages(ignore) check parameters
[4.342s] Level 1:colcon.colcon_core.package_discovery:discover_packages(path) check parameters
[4.342s] Level 1:colcon.colcon_core.package_discovery:discover_packages(colcon_meta) discover
[4.342s] Level 1:colcon.colcon_core.package_discovery:discover_packages(recursive) discover
[4.342s] INFO:colcon.colcon_core.package_discovery:Crawling recursively for packages in '/home/chakrireddy1974/RAS-SES-598-Space-Robotics-and-AI'
[4.342s] Level 1:colcon.colcon_core.package_identification:_identify(.) by extensions ['ignore', 'ignore_ament_install']
[4.343s] Level 1:colcon.colcon_core.package_identification:_identify(.) by extension 'ignore'
[4.343s] Level 1:colcon.colcon_core.package_identification:_identify(.) by extension 'ignore_ament_install'
[4.343s] Level 1:colcon.colcon_core.package_identification:_identify(.) by extensions ['colcon_pkg']
[4.343s] Level 1:colcon.colcon_core.package_identification:_identify(.) by extension 'colcon_pkg'
[4.343s] Level 1:colcon.colcon_core.package_identification:_identify(.) by extensions ['colcon_meta']
[4.344s] Level 1:colcon.colcon_core.package_identification:_identify(.) by extension 'colcon_meta'
[4.344s] Level 1:colcon.colcon_core.package_identification:_identify(.) by extensions ['ros']
[4.344s] Level 1:colcon.colcon_core.package_identification:_identify(.) by extension 'ros'
[4.443s] Level 1:colcon.colcon_core.package_identification:_identify(.) by extensions ['cmake', 'python']
[4.443s] Level 1:colcon.colcon_core.package_identification:_identify(.) by extension 'cmake'
[4.444s] Level 1:colcon.colcon_core.package_identification:_identify(.) by extension 'python'
[4.444s] Level 1:colcon.colcon_core.package_identification:_identify(.) by extensions ['python_setup_py']
[4.444s] Level 1:colcon.colcon_core.package_identification:_identify(.) by extension 'python_setup_py'
[4.455s] Level 1:colcon.colcon_core.package_identification:_identify(assignments) by extensions ['ignore', 'ignore_ament_install']
[4.455s] Level 1:colcon.colcon_core.package_identification:_identify(assignments) by extension 'ignore'
[4.455s] Level 1:colcon.colcon_core.package_identification:_identify(assignments) by extension 'ignore_ament_install'
[4.455s] Level 1:colcon.colcon_core.package_identification:_identify(assignments) by extensions ['colcon_pkg']
[4.455s] Level 1:colcon.colcon_core.package_identification:_identify(assignments) by extension 'colcon_pkg'
[4.455s] Level 1:colcon.colcon_core.package_identification:_identify(assignments) by extensions ['colcon_meta']
[4.455s] Level 1:colcon.colcon_core.package_identification:_identify(assignments) by extension 'colcon_meta'
[4.455s] Level 1:colcon.colcon_core.package_identification:_identify(assignments) by extensions ['ros']
[4.455s] Level 1:colcon.colcon_core.package_identification:_identify(assignments) by extension 'ros'
[4.456s] Level 1:colcon.colcon_core.package_identification:_identify(assignments) by extensions ['cmake', 'python']
[4.456s] Level 1:colcon.colcon_core.package_identification:_identify(assignments) by extension 'cmake'
[4.456s] Level 1:colcon.colcon_core.package_identification:_identify(assignments) by extension 'python'
[4.456s] Level 1:colcon.colcon_core.package_identification:_identify(assignments) by extensions ['python_setup_py']
[4.456s] Level 1:colcon.colcon_core.package_identification:_identify(assignments) by extension 'python_setup_py'
[4.457s] Level 1:colcon.colcon_core.package_identification:_identify(assignments/cart_pole_optimal_control) by extensions ['ignore', 'ignore_ament_install']
[4.457s] Level 1:colcon.colcon_core.package_identification:_identify(assignments/cart_pole_optimal_control) by extension 'ignore'
[4.457s] Level 1:colcon.colcon_core.package_identification:_identify(assignments/cart_pole_optimal_control) by extension 'ignore_ament_install'
[4.457s] Level 1:colcon.colcon_core.package_identification:_identify(assignments/cart_pole_optimal_control) by extensions ['colcon_pkg']
[4.457s] Level 1:colcon.colcon_core.package_identification:_identify(assignments/cart_pole_optimal_control) by extension 'colcon_pkg'
[4.457s] Level 1:colcon.colcon_core.package_identification:_identify(assignments/cart_pole_optimal_control) by extensions ['colcon_meta']
[4.457s] Level 1:colcon.colcon_core.package_identification:_identify(assignments/cart_pole_optimal_control) by extension 'colcon_meta'
[4.457s] Level 1:colcon.colcon_core.package_identification:_identify(assignments/cart_pole_optimal_control) by extensions ['ros']
[4.457s] Level 1:colcon.colcon_core.package_identification:_identify(assignments/cart_pole_optimal_control) by extension 'ros'
[4.485s] DEBUG:colcon.colcon_core.package_identification:Package 'assignments/cart_pole_optimal_control' with type 'ros.ament_python' and name 'cart_pole_optimal_control'
[4.500s] Level 1:colcon.colcon_core.package_identification:_identify(assignments/first_order_boustrophedon_navigator) by extensions ['ignore', 'ignore_ament_install']
[4.500s] Level 1:colcon.colcon_core.package_identification:_identify(assignments/first_order_boustrophedon_navigator) by extension 'ignore'
[4.500s] Level 1:colcon.colcon_core.package_identification:_identify(assignments/first_order_boustrophedon_navigator) by extension 'ignore_ament_install'
[4.500s] Level 1:colcon.colcon_core.package_identification:_identify(assignments/first_order_boustrophedon_navigator) by extensions ['colcon_pkg']
[4.500s] Level 1:colcon.colcon_core.package_identification:_identify(assignments/first_order_boustrophedon_navigator) by extension 'colcon_pkg'
[4.500s] Level 1:colcon.colcon_core.package_identification:_identify(assignments/first_order_boustrophedon_navigator) by extensions ['colcon_meta']
[4.500s] Level 1:colcon.colcon_core.package_identification:_identify(assignments/first_order_boustrophedon_navigator) by extension 'colcon_meta'
[4.501s] Level 1:colcon.colcon_core.package_identification:_identify(assignments/first_order_boustrophedon_navigator) by extensions ['ros']
[4.501s] Level 1:colcon.colcon_core.package_identification:_identify(assignments/first_order_boustrophedon_navigator) by extension 'ros'
[4.503s] DEBUG:colcon.colcon_core.package_identification:Package 'assignments/first_order_boustrophedon_navigator' with type 'ros.ament_python' and name 'first_order_boustrophedon_navigator'
[4.504s] Level 1:colcon.colcon_core.package_identification:_identify(assignments/terrain_mapping_drone_control) by extensions ['ignore', 'ignore_ament_install']
[4.507s] Level 1:colcon.colcon_core.package_identification:_identify(assignments/terrain_mapping_drone_control) by extension 'ignore'
[4.507s] Level 1:colcon.colcon_core.package_identification:_identify(assignments/terrain_mapping_drone_control) by extension 'ignore_ament_install'
[4.507s] Level 1:colcon.colcon_core.package_identification:_identify(assignments/terrain_mapping_drone_control) by extensions ['colcon_pkg']
[4.507s] Level 1:colcon.colcon_core.package_identification:_identify(assignments/terrain_mapping_drone_control) by extension 'colcon_pkg'
[4.507s] Level 1:colcon.colcon_core.package_identification:_identify(assignments/terrain_mapping_drone_control) by extensions ['colcon_meta']
[4.507s] Level 1:colcon.colcon_core.package_identification:_identify(assignments/terrain_mapping_drone_control) by extension 'colcon_meta'
[4.507s] Level 1:colcon.colcon_core.package_identification:_identify(assignments/terrain_mapping_drone_control) by extensions ['ros']
[4.507s] Level 1:colcon.colcon_core.package_identification:_identify(assignments/terrain_mapping_drone_control) by extension 'ros'
[4.522s] DEBUG:colcon.colcon_core.package_identification:Package 'assignments/terrain_mapping_drone_control' with type 'ros.ament_python' and name 'terrain_mapping_drone_control'
[4.522s] Level 1:colcon.colcon_core.package_identification:_identify(build) by extensions ['ignore', 'ignore_ament_install']
[4.522s] Level 1:colcon.colcon_core.package_identification:_identify(build) by extension 'ignore'
[4.522s] Level 1:colcon.colcon_core.package_identification:_identify(build) ignored
[4.522s] Level 1:colcon.colcon_core.package_identification:_identify(install) by extensions ['ignore', 'ignore_ament_install']
[4.523s] Level 1:colcon.colcon_core.package_identification:_identify(install) by extension 'ignore'
[4.523s] Level 1:colcon.colcon_core.package_identification:_identify(install) ignored
[4.534s] Level 1:colcon.colcon_core.package_identification:_identify(lectures) by extensions ['ignore', 'ignore_ament_install']
[4.534s] Level 1:colcon.colcon_core.package_identification:_identify(lectures) by extension 'ignore'
[4.534s] Level 1:colcon.colcon_core.package_identification:_identify(lectures) by extension 'ignore_ament_install'
[4.534s] Level 1:colcon.colcon_core.package_identification:_identify(lectures) by extensions ['colcon_pkg']
[4.534s] Level 1:colcon.colcon_core.package_identification:_identify(lectures) by extension 'colcon_pkg'
[4.535s] Level 1:colcon.colcon_core.package_identification:_identify(lectures) by extensions ['colcon_meta']
[4.535s] Level 1:colcon.colcon_core.package_identification:_identify(lectures) by extension 'colcon_meta'
[4.535s] Level 1:colcon.colcon_core.package_identification:_identify(lectures) by extensions ['ros']
[4.535s] Level 1:colcon.colcon_core.package_identification:_identify(lectures) by extension 'ros'
[4.535s] Level 1:colcon.colcon_core.package_identification:_identify(lectures) by extensions ['cmake', 'python']
[4.535s] Level 1:colcon.colcon_core.package_identification:_identify(lectures) by extension 'cmake'
[4.535s] Level 1:colcon.colcon_core.package_identification:_identify(lectures) by extension 'python'
[4.535s] Level 1:colcon.colcon_core.package_identification:_identify(lectures) by extensions ['python_setup_py']
[4.535s] Level 1:colcon.colcon_core.package_identification:_identify(lectures) by extension 'python_setup_py'
[4.536s] Level 1:colcon.colcon_core.package_identification:_identify(lectures/_minted-lecture1) by extensions ['ignore', 'ignore_ament_install']
[4.536s] Level 1:colcon.colcon_core.package_identification:_identify(lectures/_minted-lecture1) by extension 'ignore'
[4.536s] Level 1:colcon.colcon_core.package_identification:_identify(lectures/_minted-lecture1) by extension 'ignore_ament_install'
[4.536s] Level 1:colcon.colcon_core.package_identification:_identify(lectures/_minted-lecture1) by extensions ['colcon_pkg']
[4.536s] Level 1:colcon.colcon_core.package_identification:_identify(lectures/_minted-lecture1) by extension 'colcon_pkg'
[4.537s] Level 1:colcon.colcon_core.package_identification:_identify(lectures/_minted-lecture1) by extensions ['colcon_meta']
[4.537s] Level 1:colcon.colcon_core.package_identification:_identify(lectures/_minted-lecture1) by extension 'colcon_meta'
[4.537s] Level 1:colcon.colcon_core.package_identification:_identify(lectures/_minted-lecture1) by extensions ['ros']
[4.537s] Level 1:colcon.colcon_core.package_identification:_identify(lectures/_minted-lecture1) by extension 'ros'
[4.537s] Level 1:colcon.colcon_core.package_identification:_identify(lectures/_minted-lecture1) by extensions ['cmake', 'python']
[4.537s] Level 1:colcon.colcon_core.package_identification:_identify(lectures/_minted-lecture1) by extension 'cmake'
[4.537s] Level 1:colcon.colcon_core.package_identification:_identify(lectures/_minted-lecture1) by extension 'python'
[4.537s] Level 1:colcon.colcon_core.package_identification:_identify(lectures/_minted-lecture1) by extensions ['python_setup_py']
[4.537s] Level 1:colcon.colcon_core.package_identification:_identify(lectures/_minted-lecture1) by extension 'python_setup_py'
[4.538s] Level 1:colcon.colcon_core.package_identification:_identify(lectures/_minted-lecture1/_minted-lecture1) by extensions ['ignore', 'ignore_ament_install']
[4.538s] Level 1:colcon.colcon_core.package_identification:_identify(lectures/_minted-lecture1/_minted-lecture1) by extension 'ignore'
[4.538s] Level 1:colcon.colcon_core.package_identification:_identify(lectures/_minted-lecture1/_minted-lecture1) by extension 'ignore_ament_install'
[4.538s] Level 1:colcon.colcon_core.package_identification:_identify(lectures/_minted-lecture1/_minted-lecture1) by extensions ['colcon_pkg']
[4.538s] Level 1:colcon.colcon_core.package_identification:_identify(lectures/_minted-lecture1/_minted-lecture1) by extension 'colcon_pkg'
[4.538s] Level 1:colcon.colcon_core.package_identification:_identify(lectures/_minted-lecture1/_minted-lecture1) by extensions ['colcon_meta']
[4.538s] Level 1:colcon.colcon_core.package_identification:_identify(lectures/_minted-lecture1/_minted-lecture1) by extension 'colcon_meta'
[4.538s] Level 1:colcon.colcon_core.package_identification:_identify(lectures/_minted-lecture1/_minted-lecture1) by extensions ['ros']
[4.538s] Level 1:colcon.colcon_core.package_identification:_identify(lectures/_minted-lecture1/_minted-lecture1) by extension 'ros'
[4.539s] Level 1:colcon.colcon_core.package_identification:_identify(lectures/_minted-lecture1/_minted-lecture1) by extensions ['cmake', 'python']
[4.539s] Level 1:colcon.colcon_core.package_identification:_identify(lectures/_minted-lecture1/_minted-lecture1) by extension 'cmake'
[4.539s] Level 1:colcon.colcon_core.package_identification:_identify(lectures/_minted-lecture1/_minted-lecture1) by extension 'python'
[4.539s] Level 1:colcon.colcon_core.package_identification:_identify(lectures/_minted-lecture1/_minted-lecture1) by extensions ['python_setup_py']
[4.539s] Level 1:colcon.colcon_core.package_identification:_identify(lectures/_minted-lecture1/_minted-lecture1) by extension 'python_setup_py'
[4.573s] Level 1:colcon.colcon_core.package_identification:_identify(lectures/_minted-lecture2) by extensions ['ignore', 'ignore_ament_install']
[4.573s] Level 1:colcon.colcon_core.package_identification:_identify(lectures/_minted-lecture2) by extension 'ignore'
[4.573s] Level 1:colcon.colcon_core.package_identification:_identify(lectures/_minted-lecture2) by extension 'ignore_ament_install'
[4.574s] Level 1:colcon.colcon_core.package_identification:_identify(lectures/_minted-lecture2) by extensions ['colcon_pkg']
[4.574s] Level 1:colcon.colcon_core.package_identification:_identify(lectures/_minted-lecture2) by extension 'colcon_pkg'
[4.574s] Level 1:colcon.colcon_core.package_identification:_identify(lectures/_minted-lecture2) by extensions ['colcon_meta']
[4.574s] Level 1:colcon.colcon_core.package_identification:_identify(lectures/_minted-lecture2) by extension 'colcon_meta'
[4.574s] Level 1:colcon.colcon_core.package_identification:_identify(lectures/_minted-lecture2) by extensions ['ros']
[4.574s] Level 1:colcon.colcon_core.package_identification:_identify(lectures/_minted-lecture2) by extension 'ros'
[4.574s] Level 1:colcon.colcon_core.package_identification:_identify(lectures/_minted-lecture2) by extensions ['cmake', 'python']
[4.574s] Level 1:colcon.colcon_core.package_identification:_identify(lectures/_minted-lecture2) by extension 'cmake'
[4.574s] Level 1:colcon.colcon_core.package_identification:_identify(lectures/_minted-lecture2) by extension 'python'
[4.574s] Level 1:colcon.colcon_core.package_identification:_identify(lectures/_minted-lecture2) by extensions ['python_setup_py']
[4.574s] Level 1:colcon.colcon_core.package_identification:_identify(lectures/_minted-lecture2) by extension 'python_setup_py'
[4.575s] Level 1:colcon.colcon_core.package_identification:_identify(lectures/_minted-lecture2/_minted-lecture2) by extensions ['ignore', 'ignore_ament_install']
[4.575s] Level 1:colcon.colcon_core.package_identification:_identify(lectures/_minted-lecture2/_minted-lecture2) by extension 'ignore'
[4.575s] Level 1:colcon.colcon_core.package_identification:_identify(lectures/_minted-lecture2/_minted-lecture2) by extension 'ignore_ament_install'
[4.575s] Level 1:colcon.colcon_core.package_identification:_identify(lectures/_minted-lecture2/_minted-lecture2) by extensions ['colcon_pkg']
[4.575s] Level 1:colcon.colcon_core.package_identification:_identify(lectures/_minted-lecture2/_minted-lecture2) by extension 'colcon_pkg'
[4.575s] Level 1:colcon.colcon_core.package_identification:_identify(lectures/_minted-lecture2/_minted-lecture2) by extensions ['colcon_meta']
[4.575s] Level 1:colcon.colcon_core.package_identification:_identify(lectures/_minted-lecture2/_minted-lecture2) by extension 'colcon_meta'
[4.575s] Level 1:colcon.colcon_core.package_identification:_identify(lectures/_minted-lecture2/_minted-lecture2) by extensions ['ros']
[4.575s] Level 1:colcon.colcon_core.package_identification:_identify(lectures/_minted-lecture2/_minted-lecture2) by extension 'ros'
[4.575s] Level 1:colcon.colcon_core.package_identification:_identify(lectures/_minted-lecture2/_minted-lecture2) by extensions ['cmake', 'python']
[4.575s] Level 1:colcon.colcon_core.package_identification:_identify(lectures/_minted-lecture2/_minted-lecture2) by extension 'cmake'
[4.575s] Level 1:colcon.colcon_core.package_identification:_identify(lectures/_minted-lecture2/_minted-lecture2) by extension 'python'
[4.575s] Level 1:colcon.colcon_core.package_identification:_identify(lectures/_minted-lecture2/_minted-lecture2) by extensions ['python_setup_py']
[4.575s] Level 1:colcon.colcon_core.package_identification:_identify(lectures/_minted-lecture2/_minted-lecture2) by extension 'python_setup_py'
[4.576s] Level 1:colcon.colcon_core.package_identification:_identify(log) by extensions ['ignore', 'ignore_ament_install']
[4.576s] Level 1:colcon.colcon_core.package_identification:_identify(log) by extension 'ignore'
[4.576s] Level 1:colcon.colcon_core.package_identification:_identify(log) ignored
[4.576s] Level 1:colcon.colcon_core.package_identification:_identify(samples) by extensions ['ignore', 'ignore_ament_install']
[4.577s] Level 1:colcon.colcon_core.package_identification:_identify(samples) by extension 'ignore'
[4.577s] Level 1:colcon.colcon_core.package_identification:_identify(samples) by extension 'ignore_ament_install'
[4.577s] Level 1:colcon.colcon_core.package_identification:_identify(samples) by extensions ['colcon_pkg']
[4.577s] Level 1:colcon.colcon_core.package_identification:_identify(samples) by extension 'colcon_pkg'
[4.577s] Level 1:colcon.colcon_core.package_identification:_identify(samples) by extensions ['colcon_meta']
[4.577s] Level 1:colcon.colcon_core.package_identification:_identify(samples) by extension 'colcon_meta'
[4.577s] Level 1:colcon.colcon_core.package_identification:_identify(samples) by extensions ['ros']
[4.577s] Level 1:colcon.colcon_core.package_identification:_identify(samples) by extension 'ros'
[4.577s] Level 1:colcon.colcon_core.package_identification:_identify(samples) by extensions ['cmake', 'python']
[4.577s] Level 1:colcon.colcon_core.package_identification:_identify(samples) by extension 'cmake'
[4.577s] Level 1:colcon.colcon_core.package_identification:_identify(samples) by extension 'python'
[4.577s] Level 1:colcon.colcon_core.package_identification:_identify(samples) by extensions ['python_setup_py']
[4.577s] Level 1:colcon.colcon_core.package_identification:_identify(samples) by extension 'python_setup_py'
[4.578s] Level 1:colcon.colcon_core.package_identification:_identify(samples/dreams_robot_control) by extensions ['ignore', 'ignore_ament_install']
[4.578s] Level 1:colcon.colcon_core.package_identification:_identify(samples/dreams_robot_control) by extension 'ignore'
[4.578s] Level 1:colcon.colcon_core.package_identification:_identify(samples/dreams_robot_control) by extension 'ignore_ament_install'
[4.578s] Level 1:colcon.colcon_core.package_identification:_identify(samples/dreams_robot_control) by extensions ['colcon_pkg']
[4.578s] Level 1:colcon.colcon_core.package_identification:_identify(samples/dreams_robot_control) by extension 'colcon_pkg'
[4.578s] Level 1:colcon.colcon_core.package_identification:_identify(samples/dreams_robot_control) by extensions ['colcon_meta']
[4.578s] Level 1:colcon.colcon_core.package_identification:_identify(samples/dreams_robot_control) by extension 'colcon_meta'
[4.578s] Level 1:colcon.colcon_core.package_identification:_identify(samples/dreams_robot_control) by extensions ['ros']
[4.578s] Level 1:colcon.colcon_core.package_identification:_identify(samples/dreams_robot_control) by extension 'ros'
[4.607s] DEBUG:colcon.colcon_core.package_identification:Package 'samples/dreams_robot_control' with type 'ros.ament_python' and name 'dreams_robot_control'
[4.608s] Level 1:colcon.colcon_core.package_identification:_identify(samples/dreams_stereo) by extensions ['ignore', 'ignore_ament_install']
[4.608s] Level 1:colcon.colcon_core.package_identification:_identify(samples/dreams_stereo) by extension 'ignore'
[4.608s] Level 1:colcon.colcon_core.package_identification:_identify(samples/dreams_stereo) by extension 'ignore_ament_install'
[4.609s] Level 1:colcon.colcon_core.package_identification:_identify(samples/dreams_stereo) by extensions ['colcon_pkg']
[4.609s] Level 1:colcon.colcon_core.package_identification:_identify(samples/dreams_stereo) by extension 'colcon_pkg'
[4.609s] Level 1:colcon.colcon_core.package_identification:_identify(samples/dreams_stereo) by extensions ['colcon_meta']
[4.609s] Level 1:colcon.colcon_core.package_identification:_identify(samples/dreams_stereo) by extension 'colcon_meta'
[4.609s] Level 1:colcon.colcon_core.package_identification:_identify(samples/dreams_stereo) by extensions ['ros']
[4.609s] Level 1:colcon.colcon_core.package_identification:_identify(samples/dreams_stereo) by extension 'ros'
[4.610s] DEBUG:colcon.colcon_core.package_identification:Package 'samples/dreams_stereo' with type 'ros.ament_python' and name 'dreams_stereo'
[4.610s] Level 1:colcon.colcon_core.package_discovery:discover_packages(recursive) using defaults
[4.610s] Level 1:colcon.colcon_core.package_discovery:discover_packages(ignore) discover
[4.610s] Level 1:colcon.colcon_core.package_discovery:discover_packages(ignore) using defaults
[4.610s] Level 1:colcon.colcon_core.package_discovery:discover_packages(path) discover
[4.610s] Level 1:colcon.colcon_core.package_discovery:discover_packages(path) using defaults
[4.774s] INFO:colcon.colcon_core.package_selection:Skipping not selected package 'cart_pole_optimal_control' in 'assignments/cart_pole_optimal_control'
[4.774s] INFO:colcon.colcon_core.package_selection:Skipping not selected package 'dreams_robot_control' in 'samples/dreams_robot_control'
[4.774s] INFO:colcon.colcon_core.package_selection:Skipping not selected package 'dreams_stereo' in 'samples/dreams_stereo'
[4.774s] INFO:colcon.colcon_core.package_selection:Skipping not selected package 'first_order_boustrophedon_navigator' in 'assignments/first_order_boustrophedon_navigator'
[4.775s] Level 1:colcon.colcon_core.package_discovery:discover_packages(prefix_path) check parameters
[4.775s] Level 1:colcon.colcon_core.package_discovery:discover_packages(prefix_path) discover
[4.785s] DEBUG:colcon.colcon_installed_package_information.package_discovery:Found 1 installed packages in /home/chakrireddy1974/RAS-SES-598-Space-Robotics-and-AI/install
[4.787s] DEBUG:colcon.colcon_installed_package_information.package_discovery:Found 452 installed packages in /opt/ros/jazzy
[4.789s] Level 1:colcon.colcon_core.package_discovery:discover_packages(prefix_path) using defaults
[4.885s] Level 5:colcon.colcon_core.verb:set package 'terrain_mapping_drone_control' build argument 'cmake_args' from command line to 'None'
[4.885s] Level 5:colcon.colcon_core.verb:set package 'terrain_mapping_drone_control' build argument 'cmake_target' from command line to 'None'
[4.885s] Level 5:colcon.colcon_core.verb:set package 'terrain_mapping_drone_control' build argument 'cmake_target_skip_unavailable' from command line to 'False'
[4.885s] Level 5:colcon.colcon_core.verb:set package 'terrain_mapping_drone_control' build argument 'cmake_clean_cache' from command line to 'False'
[4.885s] Level 5:colcon.colcon_core.verb:set package 'terrain_mapping_drone_control' build argument 'cmake_clean_first' from command line to 'False'
[4.885s] Level 5:colcon.colcon_core.verb:set package 'terrain_mapping_drone_control' build argument 'cmake_force_configure' from command line to 'False'
[4.885s] Level 5:colcon.colcon_core.verb:set package 'terrain_mapping_drone_control' build argument 'ament_cmake_args' from command line to 'None'
[4.886s] Level 5:colcon.colcon_core.verb:set package 'terrain_mapping_drone_control' build argument 'catkin_cmake_args' from command line to 'None'
[4.886s] Level 5:colcon.colcon_core.verb:set package 'terrain_mapping_drone_control' build argument 'catkin_skip_building_tests' from command line to 'False'
[4.886s] DEBUG:colcon.colcon_core.verb:Building package 'terrain_mapping_drone_control' with the following arguments: {'ament_cmake_args': None, 'build_base': '/home/chakrireddy1974/RAS-SES-598-Space-Robotics-and-AI/build/terrain_mapping_drone_control', 'catkin_cmake_args': None, 'catkin_skip_building_tests': False, 'cmake_args': None, 'cmake_clean_cache': False, 'cmake_clean_first': False, 'cmake_force_configure': False, 'cmake_target': None, 'cmake_target_skip_unavailable': False, 'install_base': '/home/chakrireddy1974/RAS-SES-598-Space-Robotics-and-AI/install/terrain_mapping_drone_control', 'merge_install': False, 'path': '/home/chakrireddy1974/RAS-SES-598-Space-Robotics-and-AI/assignments/terrain_mapping_drone_control', 'symlink_install': True, 'test_result_base': None}
[4.886s] INFO:colcon.colcon_core.executor:Executing jobs using 'parallel' executor
[4.889s] DEBUG:colcon.colcon_parallel_executor.executor.parallel:run_until_complete
[4.889s] INFO:colcon.colcon_ros.task.ament_python.build:Building ROS package in '/home/chakrireddy1974/RAS-SES-598-Space-Robotics-and-AI/assignments/terrain_mapping_drone_control' with build type 'ament_python'
[4.889s] Level 1:colcon.colcon_core.shell:create_environment_hook('terrain_mapping_drone_control', 'ament_prefix_path')
[4.910s] INFO:colcon.colcon_core.plugin_system:Skipping extension 'colcon_core.shell.bat': Not used on non-Windows systems
[4.910s] INFO:colcon.colcon_core.shell:Creating environment hook '/home/chakrireddy1974/RAS-SES-598-Space-Robotics-and-AI/install/terrain_mapping_drone_control/share/terrain_mapping_drone_control/hook/ament_prefix_path.ps1'
[4.918s] INFO:colcon.colcon_core.shell:Creating environment descriptor '/home/chakrireddy1974/RAS-SES-598-Space-Robotics-and-AI/install/terrain_mapping_drone_control/share/terrain_mapping_drone_control/hook/ament_prefix_path.dsv'
[4.931s] INFO:colcon.colcon_core.shell:Creating environment hook '/home/chakrireddy1974/RAS-SES-598-Space-Robotics-and-AI/install/terrain_mapping_drone_control/share/terrain_mapping_drone_control/hook/ament_prefix_path.sh'
[4.933s] INFO:colcon.colcon_core.shell:Skip shell extension 'powershell' for command environment: Not usable outside of PowerShell
[4.933s] DEBUG:colcon.colcon_core.shell:Skip shell extension 'dsv' for command environment
[5.304s] INFO:colcon.colcon_core.task.python.build:Building Python package in '/home/chakrireddy1974/RAS-SES-598-Space-Robotics-and-AI/assignments/terrain_mapping_drone_control'
[5.304s] INFO:colcon.colcon_core.shell:Skip shell extension 'powershell' for command environment: Not usable outside of PowerShell
[5.304s] DEBUG:colcon.colcon_core.shell:Skip shell extension 'dsv' for command environment
[9.931s] DEBUG:colcon.colcon_core.event_handler.log_command:Invoking command in '/home/chakrireddy1974/RAS-SES-598-Space-Robotics-and-AI/build/terrain_mapping_drone_control': DEBUGINFOD_URLS=https://debuginfod.ubuntu.com PYTHONPATH=/home/chakrireddy1974/RAS-SES-598-Space-Robotics-and-AI/build/terrain_mapping_drone_control/prefix_override:/usr/lib/python3/dist-packages/colcon_core/task/python/colcon_distutils_commands:/home/chakrireddy1974/RAS-SES-598-Space-Robotics-and-AI/install/terrain_mapping_drone_control/lib/python3.12/site-packages:${PYTHONPATH} /usr/bin/python3 -W ignore:setup.py install is deprecated -W ignore:easy_install command is deprecated setup.py develop --editable --build-directory /home/chakrireddy1974/RAS-SES-598-Space-Robotics-and-AI/build/terrain_mapping_drone_control/build --no-deps symlink_data
[11.285s] Level 1:colcon.colcon_core.shell:create_environment_hook('terrain_mapping_drone_control', 'pythonpath_develop')
[11.285s] INFO:colcon.colcon_core.shell:Creating environment hook '/home/chakrireddy1974/RAS-SES-598-Space-Robotics-and-AI/build/terrain_mapping_drone_control/share/terrain_mapping_drone_control/hook/pythonpath_develop.ps1'
[11.287s] DEBUG:colcon.colcon_core.event_handler.log_command:Invoked command in '/home/chakrireddy1974/RAS-SES-598-Space-Robotics-and-AI/build/terrain_mapping_drone_control' returned '0': DEBUGINFOD_URLS=https://debuginfod.ubuntu.com PYTHONPATH=/home/chakrireddy1974/RAS-SES-598-Space-Robotics-and-AI/build/terrain_mapping_drone_control/prefix_override:/usr/lib/python3/dist-packages/colcon_core/task/python/colcon_distutils_commands:/home/chakrireddy1974/RAS-SES-598-Space-Robotics-and-AI/install/terrain_mapping_drone_control/lib/python3.12/site-packages:${PYTHONPATH} /usr/bin/python3 -W ignore:setup.py install is deprecated -W ignore:easy_install command is deprecated setup.py develop --editable --build-directory /home/chakrireddy1974/RAS-SES-598-Space-Robotics-and-AI/build/terrain_mapping_drone_control/build --no-deps symlink_data
[11.289s] INFO:colcon.colcon_core.shell:Creating environment descriptor '/home/chakrireddy1974/RAS-SES-598-Space-Robotics-and-AI/build/terrain_mapping_drone_control/share/terrain_mapping_drone_control/hook/pythonpath_develop.dsv'
[11.292s] INFO:colcon.colcon_core.shell:Creating environment hook '/home/chakrireddy1974/RAS-SES-598-Space-Robotics-and-AI/build/terrain_mapping_drone_control/share/terrain_mapping_drone_control/hook/pythonpath_develop.sh'
[11.381s] Level 1:colcon.colcon_core.environment:checking '/home/chakrireddy1974/RAS-SES-598-Space-Robotics-and-AI/install/terrain_mapping_drone_control' for CMake module files
[11.382s] Level 1:colcon.colcon_core.environment:checking '/home/chakrireddy1974/RAS-SES-598-Space-Robotics-and-AI/install/terrain_mapping_drone_control' for CMake config files
[11.400s] Level 1:colcon.colcon_core.environment:checking '/home/chakrireddy1974/RAS-SES-598-Space-Robotics-and-AI/install/terrain_mapping_drone_control/lib'
[11.400s] Level 1:colcon.colcon_core.environment:checking '/home/chakrireddy1974/RAS-SES-598-Space-Robotics-and-AI/install/terrain_mapping_drone_control/bin'
[11.400s] Level 1:colcon.colcon_core.shell:create_environment_hook('terrain_mapping_drone_control', 'path')
[11.401s] INFO:colcon.colcon_core.shell:Creating environment hook '/home/chakrireddy1974/RAS-SES-598-Space-Robotics-and-AI/install/terrain_mapping_drone_control/share/terrain_mapping_drone_control/hook/path.ps1'
[11.401s] INFO:colcon.colcon_core.shell:Creating environment descriptor '/home/chakrireddy1974/RAS-SES-598-Space-Robotics-and-AI/install/terrain_mapping_drone_control/share/terrain_mapping_drone_control/hook/path.dsv'
[11.402s] INFO:colcon.colcon_core.shell:Creating environment hook '/home/chakrireddy1974/RAS-SES-598-Space-Robotics-and-AI/install/terrain_mapping_drone_control/share/terrain_mapping_drone_control/hook/path.sh'
[11.402s] Level 1:colcon.colcon_core.environment:checking '/home/chakrireddy1974/RAS-SES-598-Space-Robotics-and-AI/install/terrain_mapping_drone_control/lib/pkgconfig/terrain_mapping_drone_control.pc'
[11.403s] Level 1:colcon.colcon_core.environment:checking '/home/chakrireddy1974/RAS-SES-598-Space-Robotics-and-AI/install/terrain_mapping_drone_control/lib/python3.12/site-packages'
[11.403s] Level 1:colcon.colcon_core.shell:create_environment_hook('terrain_mapping_drone_control', 'pythonpath')
[11.403s] INFO:colcon.colcon_core.shell:Creating environment hook '/home/chakrireddy1974/RAS-SES-598-Space-Robotics-and-AI/install/terrain_mapping_drone_control/share/terrain_mapping_drone_control/hook/pythonpath.ps1'
[11.403s] INFO:colcon.colcon_core.shell:Creating environment descriptor '/home/chakrireddy1974/RAS-SES-598-Space-Robotics-and-AI/install/terrain_mapping_drone_control/share/terrain_mapping_drone_control/hook/pythonpath.dsv'
[11.404s] INFO:colcon.colcon_core.shell:Creating environment hook '/home/chakrireddy1974/RAS-SES-598-Space-Robotics-and-AI/install/terrain_mapping_drone_control/share/terrain_mapping_drone_control/hook/pythonpath.sh'
[11.405s] Level 1:colcon.colcon_core.environment:checking '/home/chakrireddy1974/RAS-SES-598-Space-Robotics-and-AI/install/terrain_mapping_drone_control/bin'
[11.405s] Level 1:colcon.colcon_core.shell:create_environment_hook('terrain_mapping_drone_control', 'pythonscriptspath')
[11.405s] INFO:colcon.colcon_core.shell:Creating environment hook '/home/chakrireddy1974/RAS-SES-598-Space-Robotics-and-AI/install/terrain_mapping_drone_control/share/terrain_mapping_drone_control/hook/pythonscriptspath.ps1'
[11.406s] INFO:colcon.colcon_core.shell:Creating environment descriptor '/home/chakrireddy1974/RAS-SES-598-Space-Robotics-and-AI/install/terrain_mapping_drone_control/share/terrain_mapping_drone_control/hook/pythonscriptspath.dsv'
[11.406s] INFO:colcon.colcon_core.shell:Creating environment hook '/home/chakrireddy1974/RAS-SES-598-Space-Robotics-and-AI/install/terrain_mapping_drone_control/share/terrain_mapping_drone_control/hook/pythonscriptspath.sh'
[11.407s] Level 1:colcon.colcon_core.environment:create_environment_scripts_only(terrain_mapping_drone_control)
[11.407s] INFO:colcon.colcon_core.shell:Creating package script '/home/chakrireddy1974/RAS-SES-598-Space-Robotics-and-AI/install/terrain_mapping_drone_control/share/terrain_mapping_drone_control/package.ps1'
[11.417s] INFO:colcon.colcon_core.shell:Creating package descriptor '/home/chakrireddy1974/RAS-SES-598-Space-Robotics-and-AI/install/terrain_mapping_drone_control/share/terrain_mapping_drone_control/package.dsv'
[11.429s] INFO:colcon.colcon_core.shell:Creating package script '/home/chakrireddy1974/RAS-SES-598-Space-Robotics-and-AI/install/terrain_mapping_drone_control/share/terrain_mapping_drone_control/package.sh'
[11.431s] INFO:colcon.colcon_core.shell:Creating package script '/home/chakrireddy1974/RAS-SES-598-Space-Robotics-and-AI/install/terrain_mapping_drone_control/share/terrain_mapping_drone_control/package.bash'
[11.434s] INFO:colcon.colcon_core.shell:Creating package script '/home/chakrireddy1974/RAS-SES-598-Space-Robotics-and-AI/install/terrain_mapping_drone_control/share/terrain_mapping_drone_control/package.zsh'
[11.442s] Level 1:colcon.colcon_core.environment:create_file_with_runtime_dependencies(/home/chakrireddy1974/RAS-SES-598-Space-Robotics-and-AI/install/terrain_mapping_drone_control/share/colcon-core/packages/terrain_mapping_drone_control)
[11.443s] DEBUG:colcon.colcon_parallel_executor.executor.parallel:closing loop
[11.443s] DEBUG:colcon.colcon_parallel_executor.executor.parallel:loop closed
[11.443s] DEBUG:colcon.colcon_parallel_executor.executor.parallel:run_until_complete finished with '0'
[11.444s] DEBUG:colcon.colcon_core.event_reactor:joining thread
[11.494s] INFO:colcon.colcon_core.plugin_system:Skipping extension 'colcon_notification.desktop_notification.terminal_notifier': Not used on non-Darwin systems
[11.494s] INFO:colcon.colcon_core.plugin_system:Skipping extension 'colcon_notification.desktop_notification.win32': Not used on non-Windows systems
[11.494s] INFO:colcon.colcon_notification.desktop_notification:Sending desktop notification using 'notify2'
[11.561s] DEBUG:colcon.colcon_core.event_reactor:joined thread
[11.561s] INFO:colcon.colcon_core.shell:Creating prefix script '/home/chakrireddy1974/RAS-SES-598-Space-Robotics-and-AI/install/local_setup.ps1'
[11.564s] INFO:colcon.colcon_core.shell:Creating prefix util module '/home/chakrireddy1974/RAS-SES-598-Space-Robotics-and-AI/install/_local_setup_util_ps1.py'
[11.576s] INFO:colcon.colcon_core.shell:Creating prefix chain script '/home/chakrireddy1974/RAS-SES-598-Space-Robotics-and-AI/install/setup.ps1'
[11.578s] INFO:colcon.colcon_core.shell:Creating prefix script '/home/chakrireddy1974/RAS-SES-598-Space-Robotics-and-AI/install/local_setup.sh'
[11.581s] INFO:colcon.colcon_core.shell:Creating prefix util module '/home/chakrireddy1974/RAS-SES-598-Space-Robotics-and-AI/install/_local_setup_util_sh.py'
[11.583s] INFO:colcon.colcon_core.shell:Creating prefix chain script '/home/chakrireddy1974/RAS-SES-598-Space-Robotics-and-AI/install/setup.sh'
[11.586s] INFO:colcon.colcon_core.shell:Creating prefix script '/home/chakrireddy1974/RAS-SES-598-Space-Robotics-and-AI/install/local_setup.bash'
[11.590s] INFO:colcon.colcon_core.shell:Creating prefix chain script '/home/chakrireddy1974/RAS-SES-598-Space-Robotics-and-AI/install/setup.bash'
[11.593s] INFO:colcon.colcon_core.shell:Creating prefix script '/home/chakrireddy1974/RAS-SES-598-Space-Robotics-and-AI/install/local_setup.zsh'
[11.595s] INFO:colcon.colcon_core.shell:Creating prefix chain script '/home/chakrireddy1974/RAS-SES-598-Space-Robotics-and-AI/install/setup.zsh'
