[0.137s] DEBUG:colcon:Command line arguments: ['/usr/bin/colcon', 'build', '--packages-select', 'terrain_mapping_drone_control', '--symlink-install']
[0.137s] DEBUG:colcon:Parsed command line arguments: Namespace(log_base=None, log_level=None, verb_name='build', build_base='build', install_base='install', merge_install=False, symlink_install=True, test_result_base=None, continue_on_error=False, executor='parallel', parallel_workers=4, event_handlers=None, ignore_user_meta=False, metas=['./colcon.meta'], base_paths=['.'], packages_ignore=None, packages_ignore_regex=None, paths=None, packages_up_to=None, packages_up_to_regex=None, packages_above=None, packages_above_and_dependencies=None, packages_above_depth=None, packages_select_by_dep=None, packages_skip_by_dep=None, packages_skip_up_to=None, packages_select_build_failed=False, packages_skip_build_finished=False, packages_select_test_failures=False, packages_skip_test_passed=False, packages_select=['terrain_mapping_drone_control'], packages_skip=None, packages_select_regex=None, packages_skip_regex=None, packages_start=None, packages_end=None, allow_overriding=[], cmake_args=None, cmake_target=None, cmake_target_skip_unavailable=False, cmake_clean_cache=False, cmake_clean_first=False, cmake_force_configure=False, ament_cmake_args=None, catkin_cmake_args=None, catkin_skip_building_tests=False, mixin_files=None, mixin=None, verb_parser=<colcon_mixin.mixin.mixin_argument.MixinArgumentDecorator object at 0x7fd84d997260>, verb_extension=<colcon_core.verb.build.BuildVerb object at 0x7fd84d996fc0>, main=<bound method BuildVerb.main of <colcon_core.verb.build.BuildVerb object at 0x7fd84d996fc0>>, mixin_verb=('build',))
[0.179s] Level 1:colcon.colcon_core.package_discovery:discover_packages(colcon_meta) check parameters
[0.179s] Level 1:colcon.colcon_core.package_discovery:discover_packages(recursive) check parameters
[0.179s] Level 1:colcon.colcon_core.package_discovery:discover_packages(ignore) check parameters
[0.179s] Level 1:colcon.colcon_core.package_discovery:discover_packages(path) check parameters
[0.179s] Level 1:colcon.colcon_core.package_discovery:discover_packages(colcon_meta) discover
[0.179s] Level 1:colcon.colcon_core.package_discovery:discover_packages(recursive) discover
[0.179s] INFO:colcon.colcon_core.package_discovery:Crawling recursively for packages in '/home/chakrireddy1974/RAS-SES-598-Space-Robotics-and-AI'
[0.179s] Level 1:colcon.colcon_core.package_identification:_identify(.) by extensions ['ignore', 'ignore_ament_install']
[0.179s] Level 1:colcon.colcon_core.package_identification:_identify(.) by extension 'ignore'
[0.179s] Level 1:colcon.colcon_core.package_identification:_identify(.) by extension 'ignore_ament_install'
[0.180s] Level 1:colcon.colcon_core.package_identification:_identify(.) by extensions ['colcon_pkg']
[0.180s] Level 1:colcon.colcon_core.package_identification:_identify(.) by extension 'colcon_pkg'
[0.180s] Level 1:colcon.colcon_core.package_identification:_identify(.) by extensions ['colcon_meta']
[0.180s] Level 1:colcon.colcon_core.package_identification:_identify(.) by extension 'colcon_meta'
[0.180s] Level 1:colcon.colcon_core.package_identification:_identify(.) by extensions ['ros']
[0.180s] Level 1:colcon.colcon_core.package_identification:_identify(.) by extension 'ros'
[0.205s] Level 1:colcon.colcon_core.package_identification:_identify(.) by extensions ['cmake', 'python']
[0.205s] Level 1:colcon.colcon_core.package_identification:_identify(.) by extension 'cmake'
[0.205s] Level 1:colcon.colcon_core.package_identification:_identify(.) by extension 'python'
[0.205s] Level 1:colcon.colcon_core.package_identification:_identify(.) by extensions ['python_setup_py']
[0.205s] Level 1:colcon.colcon_core.package_identification:_identify(.) by extension 'python_setup_py'
[0.205s] Level 1:colcon.colcon_core.package_identification:_identify(assignments) by extensions ['ignore', 'ignore_ament_install']
[0.205s] Level 1:colcon.colcon_core.package_identification:_identify(assignments) by extension 'ignore'
[0.205s] Level 1:colcon.colcon_core.package_identification:_identify(assignments) by extension 'ignore_ament_install'
[0.205s] Level 1:colcon.colcon_core.package_identification:_identify(assignments) by extensions ['colcon_pkg']
[0.205s] Level 1:colcon.colcon_core.package_identification:_identify(assignments) by extension 'colcon_pkg'
[0.205s] Level 1:colcon.colcon_core.package_identification:_identify(assignments) by extensions ['colcon_meta']
[0.205s] Level 1:colcon.colcon_core.package_identification:_identify(assignments) by extension 'colcon_meta'
[0.205s] Level 1:colcon.colcon_core.package_identification:_identify(assignments) by extensions ['ros']
[0.205s] Level 1:colcon.colcon_core.package_identification:_identify(assignments) by extension 'ros'
[0.206s] Level 1:colcon.colcon_core.package_identification:_identify(assignments) by extensions ['cmake', 'python']
[0.206s] Level 1:colcon.colcon_core.package_identification:_identify(assignments) by extension 'cmake'
[0.206s] Level 1:colcon.colcon_core.package_identification:_identify(assignments) by extension 'python'
[0.206s] Level 1:colcon.colcon_core.package_identification:_identify(assignments) by extensions ['python_setup_py']
[0.206s] Level 1:colcon.colcon_core.package_identification:_identify(assignments) by extension 'python_setup_py'
[0.206s] Level 1:colcon.colcon_core.package_identification:_identify(assignments/cart_pole_optimal_control) by extensions ['ignore', 'ignore_ament_install']
[0.206s] Level 1:colcon.colcon_core.package_identification:_identify(assignments/cart_pole_optimal_control) by extension 'ignore'
[0.206s] Level 1:colcon.colcon_core.package_identification:_identify(assignments/cart_pole_optimal_control) by extension 'ignore_ament_install'
[0.206s] Level 1:colcon.colcon_core.package_identification:_identify(assignments/cart_pole_optimal_control) by extensions ['colcon_pkg']
[0.206s] Level 1:colcon.colcon_core.package_identification:_identify(assignments/cart_pole_optimal_control) by extension 'colcon_pkg'
[0.206s] Level 1:colcon.colcon_core.package_identification:_identify(assignments/cart_pole_optimal_control) by extensions ['colcon_meta']
[0.206s] Level 1:colcon.colcon_core.package_identification:_identify(assignments/cart_pole_optimal_control) by extension 'colcon_meta'
[0.206s] Level 1:colcon.colcon_core.package_identification:_identify(assignments/cart_pole_optimal_control) by extensions ['ros']
[0.206s] Level 1:colcon.colcon_core.package_identification:_identify(assignments/cart_pole_optimal_control) by extension 'ros'
[0.209s] DEBUG:colcon.colcon_core.package_identification:Package 'assignments/cart_pole_optimal_control' with type 'ros.ament_python' and name 'cart_pole_optimal_control'
[0.209s] Level 1:colcon.colcon_core.package_identification:_identify(assignments/first_order_boustrophedon_navigator) by extensions ['ignore', 'ignore_ament_install']
[0.209s] Level 1:colcon.colcon_core.package_identification:_identify(assignments/first_order_boustrophedon_navigator) by extension 'ignore'
[0.209s] Level 1:colcon.colcon_core.package_identification:_identify(assignments/first_order_boustrophedon_navigator) by extension 'ignore_ament_install'
[0.209s] Level 1:colcon.colcon_core.package_identification:_identify(assignments/first_order_boustrophedon_navigator) by extensions ['colcon_pkg']
[0.209s] Level 1:colcon.colcon_core.package_identification:_identify(assignments/first_order_boustrophedon_navigator) by extension 'colcon_pkg'
[0.209s] Level 1:colcon.colcon_core.package_identification:_identify(assignments/first_order_boustrophedon_navigator) by extensions ['colcon_meta']
[0.209s] Level 1:colcon.colcon_core.package_identification:_identify(assignments/first_order_boustrophedon_navigator) by extension 'colcon_meta'
[0.209s] Level 1:colcon.colcon_core.package_identification:_identify(assignments/first_order_boustrophedon_navigator) by extensions ['ros']
[0.209s] Level 1:colcon.colcon_core.package_identification:_identify(assignments/first_order_boustrophedon_navigator) by extension 'ros'
[0.210s] DEBUG:colcon.colcon_core.package_identification:Package 'assignments/first_order_boustrophedon_navigator' with type 'ros.ament_python' and name 'first_order_boustrophedon_navigator'
[0.210s] Level 1:colcon.colcon_core.package_identification:_identify(assignments/terrain_mapping_drone_control) by extensions ['ignore', 'ignore_ament_install']
[0.210s] Level 1:colcon.colcon_core.package_identification:_identify(assignments/terrain_mapping_drone_control) by extension 'ignore'
[0.210s] Level 1:colcon.colcon_core.package_identification:_identify(assignments/terrain_mapping_drone_control) by extension 'ignore_ament_install'
[0.210s] Level 1:colcon.colcon_core.package_identification:_identify(assignments/terrain_mapping_drone_control) by extensions ['colcon_pkg']
[0.210s] Level 1:colcon.colcon_core.package_identification:_identify(assignments/terrain_mapping_drone_control) by extension 'colcon_pkg'
[0.210s] Level 1:colcon.colcon_core.package_identification:_identify(assignments/terrain_mapping_drone_control) by extensions ['colcon_meta']
[0.210s] Level 1:colcon.colcon_core.package_identification:_identify(assignments/terrain_mapping_drone_control) by extension 'colcon_meta'
[0.210s] Level 1:colcon.colcon_core.package_identification:_identify(assignments/terrain_mapping_drone_control) by extensions ['ros']
[0.211s] Level 1:colcon.colcon_core.package_identification:_identify(assignments/terrain_mapping_drone_control) by extension 'ros'
[0.212s] DEBUG:colcon.colcon_core.package_identification:Package 'assignments/terrain_mapping_drone_control' with type 'ros.ament_python' and name 'terrain_mapping_drone_control'
[0.212s] Level 1:colcon.colcon_core.package_identification:_identify(build) by extensions ['ignore', 'ignore_ament_install']
[0.212s] Level 1:colcon.colcon_core.package_identification:_identify(build) by extension 'ignore'
[0.212s] Level 1:colcon.colcon_core.package_identification:_identify(build) ignored
[0.212s] Level 1:colcon.colcon_core.package_identification:_identify(install) by extensions ['ignore', 'ignore_ament_install']
[0.212s] Level 1:colcon.colcon_core.package_identification:_identify(install) by extension 'ignore'
[0.212s] Level 1:colcon.colcon_core.package_identification:_identify(install) ignored
[0.213s] Level 1:colcon.colcon_core.package_identification:_identify(lectures) by extensions ['ignore', 'ignore_ament_install']
[0.213s] Level 1:colcon.colcon_core.package_identification:_identify(lectures) by extension 'ignore'
[0.213s] Level 1:colcon.colcon_core.package_identification:_identify(lectures) by extension 'ignore_ament_install'
[0.213s] Level 1:colcon.colcon_core.package_identification:_identify(lectures) by extensions ['colcon_pkg']
[0.213s] Level 1:colcon.colcon_core.package_identification:_identify(lectures) by extension 'colcon_pkg'
[0.213s] Level 1:colcon.colcon_core.package_identification:_identify(lectures) by extensions ['colcon_meta']
[0.213s] Level 1:colcon.colcon_core.package_identification:_identify(lectures) by extension 'colcon_meta'
[0.213s] Level 1:colcon.colcon_core.package_identification:_identify(lectures) by extensions ['ros']
[0.213s] Level 1:colcon.colcon_core.package_identification:_identify(lectures) by extension 'ros'
[0.213s] Level 1:colcon.colcon_core.package_identification:_identify(lectures) by extensions ['cmake', 'python']
[0.213s] Level 1:colcon.colcon_core.package_identification:_identify(lectures) by extension 'cmake'
[0.213s] Level 1:colcon.colcon_core.package_identification:_identify(lectures) by extension 'python'
[0.213s] Level 1:colcon.colcon_core.package_identification:_identify(lectures) by extensions ['python_setup_py']
[0.213s] Level 1:colcon.colcon_core.package_identification:_identify(lectures) by extension 'python_setup_py'
[0.213s] Level 1:colcon.colcon_core.package_identification:_identify(lectures/_minted-lecture1) by extensions ['ignore', 'ignore_ament_install']
[0.213s] Level 1:colcon.colcon_core.package_identification:_identify(lectures/_minted-lecture1) by extension 'ignore'
[0.213s] Level 1:colcon.colcon_core.package_identification:_identify(lectures/_minted-lecture1) by extension 'ignore_ament_install'
[0.213s] Level 1:colcon.colcon_core.package_identification:_identify(lectures/_minted-lecture1) by extensions ['colcon_pkg']
[0.213s] Level 1:colcon.colcon_core.package_identification:_identify(lectures/_minted-lecture1) by extension 'colcon_pkg'
[0.213s] Level 1:colcon.colcon_core.package_identification:_identify(lectures/_minted-lecture1) by extensions ['colcon_meta']
[0.213s] Level 1:colcon.colcon_core.package_identification:_identify(lectures/_minted-lecture1) by extension 'colcon_meta'
[0.214s] Level 1:colcon.colcon_core.package_identification:_identify(lectures/_minted-lecture1) by extensions ['ros']
[0.214s] Level 1:colcon.colcon_core.package_identification:_identify(lectures/_minted-lecture1) by extension 'ros'
[0.214s] Level 1:colcon.colcon_core.package_identification:_identify(lectures/_minted-lecture1) by extensions ['cmake', 'python']
[0.214s] Level 1:colcon.colcon_core.package_identification:_identify(lectures/_minted-lecture1) by extension 'cmake'
[0.214s] Level 1:colcon.colcon_core.package_identification:_identify(lectures/_minted-lecture1) by extension 'python'
[0.214s] Level 1:colcon.colcon_core.package_identification:_identify(lectures/_minted-lecture1) by extensions ['python_setup_py']
[0.214s] Level 1:colcon.colcon_core.package_identification:_identify(lectures/_minted-lecture1) by extension 'python_setup_py'
[0.214s] Level 1:colcon.colcon_core.package_identification:_identify(lectures/_minted-lecture1/_minted-lecture1) by extensions ['ignore', 'ignore_ament_install']
[0.214s] Level 1:colcon.colcon_core.package_identification:_identify(lectures/_minted-lecture1/_minted-lecture1) by extension 'ignore'
[0.214s] Level 1:colcon.colcon_core.package_identification:_identify(lectures/_minted-lecture1/_minted-lecture1) by extension 'ignore_ament_install'
[0.214s] Level 1:colcon.colcon_core.package_identification:_identify(lectures/_minted-lecture1/_minted-lecture1) by extensions ['colcon_pkg']
[0.214s] Level 1:colcon.colcon_core.package_identification:_identify(lectures/_minted-lecture1/_minted-lecture1) by extension 'colcon_pkg'
[0.214s] Level 1:colcon.colcon_core.package_identification:_identify(lectures/_minted-lecture1/_minted-lecture1) by extensions ['colcon_meta']
[0.214s] Level 1:colcon.colcon_core.package_identification:_identify(lectures/_minted-lecture1/_minted-lecture1) by extension 'colcon_meta'
[0.214s] Level 1:colcon.colcon_core.package_identification:_identify(lectures/_minted-lecture1/_minted-lecture1) by extensions ['ros']
[0.214s] Level 1:colcon.colcon_core.package_identification:_identify(lectures/_minted-lecture1/_minted-lecture1) by extension 'ros'
[0.214s] Level 1:colcon.colcon_core.package_identification:_identify(lectures/_minted-lecture1/_minted-lecture1) by extensions ['cmake', 'python']
[0.214s] Level 1:colcon.colcon_core.package_identification:_identify(lectures/_minted-lecture1/_minted-lecture1) by extension 'cmake'
[0.214s] Level 1:colcon.colcon_core.package_identification:_identify(lectures/_minted-lecture1/_minted-lecture1) by extension 'python'
[0.214s] Level 1:colcon.colcon_core.package_identification:_identify(lectures/_minted-lecture1/_minted-lecture1) by extensions ['python_setup_py']
[0.214s] Level 1:colcon.colcon_core.package_identification:_identify(lectures/_minted-lecture1/_minted-lecture1) by extension 'python_setup_py'
[0.215s] Level 1:colcon.colcon_core.package_identification:_identify(lectures/_minted-lecture2) by extensions ['ignore', 'ignore_ament_install']
[0.215s] Level 1:colcon.colcon_core.package_identification:_identify(lectures/_minted-lecture2) by extension 'ignore'
[0.215s] Level 1:colcon.colcon_core.package_identification:_identify(lectures/_minted-lecture2) by extension 'ignore_ament_install'
[0.215s] Level 1:colcon.colcon_core.package_identification:_identify(lectures/_minted-lecture2) by extensions ['colcon_pkg']
[0.215s] Level 1:colcon.colcon_core.package_identification:_identify(lectures/_minted-lecture2) by extension 'colcon_pkg'
[0.215s] Level 1:colcon.colcon_core.package_identification:_identify(lectures/_minted-lecture2) by extensions ['colcon_meta']
[0.215s] Level 1:colcon.colcon_core.package_identification:_identify(lectures/_minted-lecture2) by extension 'colcon_meta'
[0.215s] Level 1:colcon.colcon_core.package_identification:_identify(lectures/_minted-lecture2) by extensions ['ros']
[0.215s] Level 1:colcon.colcon_core.package_identification:_identify(lectures/_minted-lecture2) by extension 'ros'
[0.215s] Level 1:colcon.colcon_core.package_identification:_identify(lectures/_minted-lecture2) by extensions ['cmake', 'python']
[0.215s] Level 1:colcon.colcon_core.package_identification:_identify(lectures/_minted-lecture2) by extension 'cmake'
[0.215s] Level 1:colcon.colcon_core.package_identification:_identify(lectures/_minted-lecture2) by extension 'python'
[0.215s] Level 1:colcon.colcon_core.package_identification:_identify(lectures/_minted-lecture2) by extensions ['python_setup_py']
[0.215s] Level 1:colcon.colcon_core.package_identification:_identify(lectures/_minted-lecture2) by extension 'python_setup_py'
[0.215s] Level 1:colcon.colcon_core.package_identification:_identify(lectures/_minted-lecture2/_minted-lecture2) by extensions ['ignore', 'ignore_ament_install']
[0.215s] Level 1:colcon.colcon_core.package_identification:_identify(lectures/_minted-lecture2/_minted-lecture2) by extension 'ignore'
[0.215s] Level 1:colcon.colcon_core.package_identification:_identify(lectures/_minted-lecture2/_minted-lecture2) by extension 'ignore_ament_install'
[0.215s] Level 1:colcon.colcon_core.package_identification:_identify(lectures/_minted-lecture2/_minted-lecture2) by extensions ['colcon_pkg']
[0.215s] Level 1:colcon.colcon_core.package_identification:_identify(lectures/_minted-lecture2/_minted-lecture2) by extension 'colcon_pkg'
[0.215s] Level 1:colcon.colcon_core.package_identification:_identify(lectures/_minted-lecture2/_minted-lecture2) by extensions ['colcon_meta']
[0.215s] Level 1:colcon.colcon_core.package_identification:_identify(lectures/_minted-lecture2/_minted-lecture2) by extension 'colcon_meta'
[0.216s] Level 1:colcon.colcon_core.package_identification:_identify(lectures/_minted-lecture2/_minted-lecture2) by extensions ['ros']
[0.216s] Level 1:colcon.colcon_core.package_identification:_identify(lectures/_minted-lecture2/_minted-lecture2) by extension 'ros'
[0.216s] Level 1:colcon.colcon_core.package_identification:_identify(lectures/_minted-lecture2/_minted-lecture2) by extensions ['cmake', 'python']
[0.216s] Level 1:colcon.colcon_core.package_identification:_identify(lectures/_minted-lecture2/_minted-lecture2) by extension 'cmake'
[0.216s] Level 1:colcon.colcon_core.package_identification:_identify(lectures/_minted-lecture2/_minted-lecture2) by extension 'python'
[0.216s] Level 1:colcon.colcon_core.package_identification:_identify(lectures/_minted-lecture2/_minted-lecture2) by extensions ['python_setup_py']
[0.216s] Level 1:colcon.colcon_core.package_identification:_identify(lectures/_minted-lecture2/_minted-lecture2) by extension 'python_setup_py'
[0.216s] Level 1:colcon.colcon_core.package_identification:_identify(log) by extensions ['ignore', 'ignore_ament_install']
[0.216s] Level 1:colcon.colcon_core.package_identification:_identify(log) by extension 'ignore'
[0.216s] Level 1:colcon.colcon_core.package_identification:_identify(log) ignored
[0.216s] Level 1:colcon.colcon_core.package_identification:_identify(samples) by extensions ['ignore', 'ignore_ament_install']
[0.216s] Level 1:colcon.colcon_core.package_identification:_identify(samples) by extension 'ignore'
[0.216s] Level 1:colcon.colcon_core.package_identification:_identify(samples) by extension 'ignore_ament_install'
[0.216s] Level 1:colcon.colcon_core.package_identification:_identify(samples) by extensions ['colcon_pkg']
[0.216s] Level 1:colcon.colcon_core.package_identification:_identify(samples) by extension 'colcon_pkg'
[0.216s] Level 1:colcon.colcon_core.package_identification:_identify(samples) by extensions ['colcon_meta']
[0.216s] Level 1:colcon.colcon_core.package_identification:_identify(samples) by extension 'colcon_meta'
[0.216s] Level 1:colcon.colcon_core.package_identification:_identify(samples) by extensions ['ros']
[0.216s] Level 1:colcon.colcon_core.package_identification:_identify(samples) by extension 'ros'
[0.217s] Level 1:colcon.colcon_core.package_identification:_identify(samples) by extensions ['cmake', 'python']
[0.217s] Level 1:colcon.colcon_core.package_identification:_identify(samples) by extension 'cmake'
[0.217s] Level 1:colcon.colcon_core.package_identification:_identify(samples) by extension 'python'
[0.217s] Level 1:colcon.colcon_core.package_identification:_identify(samples) by extensions ['python_setup_py']
[0.217s] Level 1:colcon.colcon_core.package_identification:_identify(samples) by extension 'python_setup_py'
[0.217s] Level 1:colcon.colcon_core.package_identification:_identify(samples/dreams_robot_control) by extensions ['ignore', 'ignore_ament_install']
[0.217s] Level 1:colcon.colcon_core.package_identification:_identify(samples/dreams_robot_control) by extension 'ignore'
[0.217s] Level 1:colcon.colcon_core.package_identification:_identify(samples/dreams_robot_control) by extension 'ignore_ament_install'
[0.217s] Level 1:colcon.colcon_core.package_identification:_identify(samples/dreams_robot_control) by extensions ['colcon_pkg']
[0.217s] Level 1:colcon.colcon_core.package_identification:_identify(samples/dreams_robot_control) by extension 'colcon_pkg'
[0.217s] Level 1:colcon.colcon_core.package_identification:_identify(samples/dreams_robot_control) by extensions ['colcon_meta']
[0.217s] Level 1:colcon.colcon_core.package_identification:_identify(samples/dreams_robot_control) by extension 'colcon_meta'
[0.217s] Level 1:colcon.colcon_core.package_identification:_identify(samples/dreams_robot_control) by extensions ['ros']
[0.217s] Level 1:colcon.colcon_core.package_identification:_identify(samples/dreams_robot_control) by extension 'ros'
[0.218s] DEBUG:colcon.colcon_core.package_identification:Package 'samples/dreams_robot_control' with type 'ros.ament_python' and name 'dreams_robot_control'
[0.218s] Level 1:colcon.colcon_core.package_identification:_identify(samples/dreams_stereo) by extensions ['ignore', 'ignore_ament_install']
[0.218s] Level 1:colcon.colcon_core.package_identification:_identify(samples/dreams_stereo) by extension 'ignore'
[0.218s] Level 1:colcon.colcon_core.package_identification:_identify(samples/dreams_stereo) by extension 'ignore_ament_install'
[0.218s] Level 1:colcon.colcon_core.package_identification:_identify(samples/dreams_stereo) by extensions ['colcon_pkg']
[0.218s] Level 1:colcon.colcon_core.package_identification:_identify(samples/dreams_stereo) by extension 'colcon_pkg'
[0.218s] Level 1:colcon.colcon_core.package_identification:_identify(samples/dreams_stereo) by extensions ['colcon_meta']
[0.218s] Level 1:colcon.colcon_core.package_identification:_identify(samples/dreams_stereo) by extension 'colcon_meta'
[0.218s] Level 1:colcon.colcon_core.package_identification:_identify(samples/dreams_stereo) by extensions ['ros']
[0.218s] Level 1:colcon.colcon_core.package_identification:_identify(samples/dreams_stereo) by extension 'ros'
[0.219s] DEBUG:colcon.colcon_core.package_identification:Package 'samples/dreams_stereo' with type 'ros.ament_python' and name 'dreams_stereo'
[0.219s] Level 1:colcon.colcon_core.package_discovery:discover_packages(recursive) using defaults
[0.219s] Level 1:colcon.colcon_core.package_discovery:discover_packages(ignore) discover
[0.219s] Level 1:colcon.colcon_core.package_discovery:discover_packages(ignore) using defaults
[0.219s] Level 1:colcon.colcon_core.package_discovery:discover_packages(path) discover
[0.219s] Level 1:colcon.colcon_core.package_discovery:discover_packages(path) using defaults
[0.237s] INFO:colcon.colcon_core.package_selection:Skipping not selected package 'cart_pole_optimal_control' in 'assignments/cart_pole_optimal_control'
[0.237s] INFO:colcon.colcon_core.package_selection:Skipping not selected package 'dreams_robot_control' in 'samples/dreams_robot_control'
[0.237s] INFO:colcon.colcon_core.package_selection:Skipping not selected package 'dreams_stereo' in 'samples/dreams_stereo'
[0.237s] INFO:colcon.colcon_core.package_selection:Skipping not selected package 'first_order_boustrophedon_navigator' in 'assignments/first_order_boustrophedon_navigator'
[0.238s] Level 1:colcon.colcon_core.package_discovery:discover_packages(prefix_path) check parameters
[0.238s] Level 1:colcon.colcon_core.package_discovery:discover_packages(prefix_path) discover
[0.239s] DEBUG:colcon.colcon_installed_package_information.package_discovery:Found 1 installed packages in /home/chakrireddy1974/RAS-SES-598-Space-Robotics-and-AI/install
[0.241s] DEBUG:colcon.colcon_installed_package_information.package_discovery:Found 452 installed packages in /opt/ros/jazzy
[0.243s] Level 1:colcon.colcon_core.package_discovery:discover_packages(prefix_path) using defaults
[0.306s] Level 5:colcon.colcon_core.verb:set package 'terrain_mapping_drone_control' build argument 'cmake_args' from command line to 'None'
[0.306s] Level 5:colcon.colcon_core.verb:set package 'terrain_mapping_drone_control' build argument 'cmake_target' from command line to 'None'
[0.306s] Level 5:colcon.colcon_core.verb:set package 'terrain_mapping_drone_control' build argument 'cmake_target_skip_unavailable' from command line to 'False'
[0.306s] Level 5:colcon.colcon_core.verb:set package 'terrain_mapping_drone_control' build argument 'cmake_clean_cache' from command line to 'False'
[0.306s] Level 5:colcon.colcon_core.verb:set package 'terrain_mapping_drone_control' build argument 'cmake_clean_first' from command line to 'False'
[0.306s] Level 5:colcon.colcon_core.verb:set package 'terrain_mapping_drone_control' build argument 'cmake_force_configure' from command line to 'False'
[0.306s] Level 5:colcon.colcon_core.verb:set package 'terrain_mapping_drone_control' build argument 'ament_cmake_args' from command line to 'None'
[0.306s] Level 5:colcon.colcon_core.verb:set package 'terrain_mapping_drone_control' build argument 'catkin_cmake_args' from command line to 'None'
[0.306s] Level 5:colcon.colcon_core.verb:set package 'terrain_mapping_drone_control' build argument 'catkin_skip_building_tests' from command line to 'False'
[0.306s] DEBUG:colcon.colcon_core.verb:Building package 'terrain_mapping_drone_control' with the following arguments: {'ament_cmake_args': None, 'build_base': '/home/chakrireddy1974/RAS-SES-598-Space-Robotics-and-AI/build/terrain_mapping_drone_control', 'catkin_cmake_args': None, 'catkin_skip_building_tests': False, 'cmake_args': None, 'cmake_clean_cache': False, 'cmake_clean_first': False, 'cmake_force_configure': False, 'cmake_target': None, 'cmake_target_skip_unavailable': False, 'install_base': '/home/chakrireddy1974/RAS-SES-598-Space-Robotics-and-AI/install/terrain_mapping_drone_control', 'merge_install': False, 'path': '/home/chakrireddy1974/RAS-SES-598-Space-Robotics-and-AI/assignments/terrain_mapping_drone_control', 'symlink_install': True, 'test_result_base': None}
[0.306s] INFO:colcon.colcon_core.executor:Executing jobs using 'parallel' executor
[0.312s] DEBUG:colcon.colcon_parallel_executor.executor.parallel:run_until_complete
[0.315s] INFO:colcon.colcon_ros.task.ament_python.build:Building ROS package in '/home/chakrireddy1974/RAS-SES-598-Space-Robotics-and-AI/assignments/terrain_mapping_drone_control' with build type 'ament_python'
[0.316s] Level 1:colcon.colcon_core.shell:create_environment_hook('terrain_mapping_drone_control', 'ament_prefix_path')
[0.327s] INFO:colcon.colcon_core.plugin_system:Skipping extension 'colcon_core.shell.bat': Not used on non-Windows systems
[0.327s] INFO:colcon.colcon_core.shell:Creating environment hook '/home/chakrireddy1974/RAS-SES-598-Space-Robotics-and-AI/install/terrain_mapping_drone_control/share/terrain_mapping_drone_control/hook/ament_prefix_path.ps1'
[0.330s] INFO:colcon.colcon_core.shell:Creating environment descriptor '/home/chakrireddy1974/RAS-SES-598-Space-Robotics-and-AI/install/terrain_mapping_drone_control/share/terrain_mapping_drone_control/hook/ament_prefix_path.dsv'
[0.332s] INFO:colcon.colcon_core.shell:Creating environment hook '/home/chakrireddy1974/RAS-SES-598-Space-Robotics-and-AI/install/terrain_mapping_drone_control/share/terrain_mapping_drone_control/hook/ament_prefix_path.sh'
[0.334s] INFO:colcon.colcon_core.shell:Skip shell extension 'powershell' for command environment: Not usable outside of PowerShell
[0.334s] DEBUG:colcon.colcon_core.shell:Skip shell extension 'dsv' for command environment
[0.653s] INFO:colcon.colcon_core.task.python.build:Building Python package in '/home/chakrireddy1974/RAS-SES-598-Space-Robotics-and-AI/assignments/terrain_mapping_drone_control'
[0.653s] INFO:colcon.colcon_core.shell:Skip shell extension 'powershell' for command environment: Not usable outside of PowerShell
[0.653s] DEBUG:colcon.colcon_core.shell:Skip shell extension 'dsv' for command environment
[1.550s] DEBUG:colcon.colcon_core.event_handler.log_command:Invoking command in '/home/chakrireddy1974/RAS-SES-598-Space-Robotics-and-AI/build/terrain_mapping_drone_control': DEBUGINFOD_URLS=https://debuginfod.ubuntu.com PYTHONPATH=/home/chakrireddy1974/RAS-SES-598-Space-Robotics-and-AI/build/terrain_mapping_drone_control/prefix_override:/usr/lib/python3/dist-packages/colcon_core/task/python/colcon_distutils_commands:/home/chakrireddy1974/RAS-SES-598-Space-Robotics-and-AI/install/terrain_mapping_drone_control/lib/python3.12/site-packages:${PYTHONPATH} /usr/bin/python3 -W ignore:setup.py install is deprecated -W ignore:easy_install command is deprecated setup.py develop --editable --build-directory /home/chakrireddy1974/RAS-SES-598-Space-Robotics-and-AI/build/terrain_mapping_drone_control/build --no-deps symlink_data
[2.480s] Level 1:colcon.colcon_core.shell:create_environment_hook('terrain_mapping_drone_control', 'pythonpath_develop')
[2.480s] INFO:colcon.colcon_core.shell:Creating environment hook '/home/chakrireddy1974/RAS-SES-598-Space-Robotics-and-AI/build/terrain_mapping_drone_control/share/terrain_mapping_drone_control/hook/pythonpath_develop.ps1'
[2.481s] DEBUG:colcon.colcon_core.event_handler.log_command:Invoked command in '/home/chakrireddy1974/RAS-SES-598-Space-Robotics-and-AI/build/terrain_mapping_drone_control' returned '0': DEBUGINFOD_URLS=https://debuginfod.ubuntu.com PYTHONPATH=/home/chakrireddy1974/RAS-SES-598-Space-Robotics-and-AI/build/terrain_mapping_drone_control/prefix_override:/usr/lib/python3/dist-packages/colcon_core/task/python/colcon_distutils_commands:/home/chakrireddy1974/RAS-SES-598-Space-Robotics-and-AI/install/terrain_mapping_drone_control/lib/python3.12/site-packages:${PYTHONPATH} /usr/bin/python3 -W ignore:setup.py install is deprecated -W ignore:easy_install command is deprecated setup.py develop --editable --build-directory /home/chakrireddy1974/RAS-SES-598-Space-Robotics-and-AI/build/terrain_mapping_drone_control/build --no-deps symlink_data
[2.482s] INFO:colcon.colcon_core.shell:Creating environment descriptor '/home/chakrireddy1974/RAS-SES-598-Space-Robotics-and-AI/build/terrain_mapping_drone_control/share/terrain_mapping_drone_control/hook/pythonpath_develop.dsv'
[2.482s] INFO:colcon.colcon_core.shell:Creating environment hook '/home/chakrireddy1974/RAS-SES-598-Space-Robotics-and-AI/build/terrain_mapping_drone_control/share/terrain_mapping_drone_control/hook/pythonpath_develop.sh'
[2.486s] Level 1:colcon.colcon_core.environment:checking '/home/chakrireddy1974/RAS-SES-598-Space-Robotics-and-AI/install/terrain_mapping_drone_control' for CMake module files
[2.487s] Level 1:colcon.colcon_core.environment:checking '/home/chakrireddy1974/RAS-SES-598-Space-Robotics-and-AI/install/terrain_mapping_drone_control' for CMake config files
[2.488s] Level 1:colcon.colcon_core.environment:checking '/home/chakrireddy1974/RAS-SES-598-Space-Robotics-and-AI/install/terrain_mapping_drone_control/lib'
[2.488s] Level 1:colcon.colcon_core.environment:checking '/home/chakrireddy1974/RAS-SES-598-Space-Robotics-and-AI/install/terrain_mapping_drone_control/bin'
[2.488s] Level 1:colcon.colcon_core.shell:create_environment_hook('terrain_mapping_drone_control', 'path')
[2.488s] INFO:colcon.colcon_core.shell:Creating environment hook '/home/chakrireddy1974/RAS-SES-598-Space-Robotics-and-AI/install/terrain_mapping_drone_control/share/terrain_mapping_drone_control/hook/path.ps1'
[2.489s] INFO:colcon.colcon_core.shell:Creating environment descriptor '/home/chakrireddy1974/RAS-SES-598-Space-Robotics-and-AI/install/terrain_mapping_drone_control/share/terrain_mapping_drone_control/hook/path.dsv'
[2.490s] INFO:colcon.colcon_core.shell:Creating environment hook '/home/chakrireddy1974/RAS-SES-598-Space-Robotics-and-AI/install/terrain_mapping_drone_control/share/terrain_mapping_drone_control/hook/path.sh'
[2.490s] Level 1:colcon.colcon_core.environment:checking '/home/chakrireddy1974/RAS-SES-598-Space-Robotics-and-AI/install/terrain_mapping_drone_control/lib/pkgconfig/terrain_mapping_drone_control.pc'
[2.491s] Level 1:colcon.colcon_core.environment:checking '/home/chakrireddy1974/RAS-SES-598-Space-Robotics-and-AI/install/terrain_mapping_drone_control/lib/python3.12/site-packages'
[2.491s] Level 1:colcon.colcon_core.shell:create_environment_hook('terrain_mapping_drone_control', 'pythonpath')
[2.492s] INFO:colcon.colcon_core.shell:Creating environment hook '/home/chakrireddy1974/RAS-SES-598-Space-Robotics-and-AI/install/terrain_mapping_drone_control/share/terrain_mapping_drone_control/hook/pythonpath.ps1'
[2.493s] INFO:colcon.colcon_core.shell:Creating environment descriptor '/home/chakrireddy1974/RAS-SES-598-Space-Robotics-and-AI/install/terrain_mapping_drone_control/share/terrain_mapping_drone_control/hook/pythonpath.dsv'
[2.493s] INFO:colcon.colcon_core.shell:Creating environment hook '/home/chakrireddy1974/RAS-SES-598-Space-Robotics-and-AI/install/terrain_mapping_drone_control/share/terrain_mapping_drone_control/hook/pythonpath.sh'
[2.494s] Level 1:colcon.colcon_core.environment:checking '/home/chakrireddy1974/RAS-SES-598-Space-Robotics-and-AI/install/terrain_mapping_drone_control/bin'
[2.495s] Level 1:colcon.colcon_core.shell:create_environment_hook('terrain_mapping_drone_control', 'pythonscriptspath')
[2.495s] INFO:colcon.colcon_core.shell:Creating environment hook '/home/chakrireddy1974/RAS-SES-598-Space-Robotics-and-AI/install/terrain_mapping_drone_control/share/terrain_mapping_drone_control/hook/pythonscriptspath.ps1'
[2.495s] INFO:colcon.colcon_core.shell:Creating environment descriptor '/home/chakrireddy1974/RAS-SES-598-Space-Robotics-and-AI/install/terrain_mapping_drone_control/share/terrain_mapping_drone_control/hook/pythonscriptspath.dsv'
[2.496s] INFO:colcon.colcon_core.shell:Creating environment hook '/home/chakrireddy1974/RAS-SES-598-Space-Robotics-and-AI/install/terrain_mapping_drone_control/share/terrain_mapping_drone_control/hook/pythonscriptspath.sh'
[2.497s] Level 1:colcon.colcon_core.environment:create_environment_scripts_only(terrain_mapping_drone_control)
[2.497s] INFO:colcon.colcon_core.shell:Creating package script '/home/chakrireddy1974/RAS-SES-598-Space-Robotics-and-AI/install/terrain_mapping_drone_control/share/terrain_mapping_drone_control/package.ps1'
[2.499s] INFO:colcon.colcon_core.shell:Creating package descriptor '/home/chakrireddy1974/RAS-SES-598-Space-Robotics-and-AI/install/terrain_mapping_drone_control/share/terrain_mapping_drone_control/package.dsv'
[2.500s] INFO:colcon.colcon_core.shell:Creating package script '/home/chakrireddy1974/RAS-SES-598-Space-Robotics-and-AI/install/terrain_mapping_drone_control/share/terrain_mapping_drone_control/package.sh'
[2.500s] INFO:colcon.colcon_core.shell:Creating package script '/home/chakrireddy1974/RAS-SES-598-Space-Robotics-and-AI/install/terrain_mapping_drone_control/share/terrain_mapping_drone_control/package.bash'
[2.501s] INFO:colcon.colcon_core.shell:Creating package script '/home/chakrireddy1974/RAS-SES-598-Space-Robotics-and-AI/install/terrain_mapping_drone_control/share/terrain_mapping_drone_control/package.zsh'
[2.502s] Level 1:colcon.colcon_core.environment:create_file_with_runtime_dependencies(/home/chakrireddy1974/RAS-SES-598-Space-Robotics-and-AI/install/terrain_mapping_drone_control/share/colcon-core/packages/terrain_mapping_drone_control)
[2.503s] DEBUG:colcon.colcon_parallel_executor.executor.parallel:closing loop
[2.503s] DEBUG:colcon.colcon_parallel_executor.executor.parallel:loop closed
[2.503s] DEBUG:colcon.colcon_parallel_executor.executor.parallel:run_until_complete finished with '0'
[2.503s] DEBUG:colcon.colcon_core.event_reactor:joining thread
[2.530s] INFO:colcon.colcon_core.plugin_system:Skipping extension 'colcon_notification.desktop_notification.terminal_notifier': Not used on non-Darwin systems
[2.530s] INFO:colcon.colcon_core.plugin_system:Skipping extension 'colcon_notification.desktop_notification.win32': Not used on non-Windows systems
[2.530s] INFO:colcon.colcon_notification.desktop_notification:Sending desktop notification using 'notify2'
[2.555s] DEBUG:colcon.colcon_core.event_reactor:joined thread
[2.555s] INFO:colcon.colcon_core.shell:Creating prefix script '/home/chakrireddy1974/RAS-SES-598-Space-Robotics-and-AI/install/local_setup.ps1'
[2.556s] INFO:colcon.colcon_core.shell:Creating prefix util module '/home/chakrireddy1974/RAS-SES-598-Space-Robotics-and-AI/install/_local_setup_util_ps1.py'
[2.559s] INFO:colcon.colcon_core.shell:Creating prefix chain script '/home/chakrireddy1974/RAS-SES-598-Space-Robotics-and-AI/install/setup.ps1'
[2.562s] INFO:colcon.colcon_core.shell:Creating prefix script '/home/chakrireddy1974/RAS-SES-598-Space-Robotics-and-AI/install/local_setup.sh'
[2.564s] INFO:colcon.colcon_core.shell:Creating prefix util module '/home/chakrireddy1974/RAS-SES-598-Space-Robotics-and-AI/install/_local_setup_util_sh.py'
[2.565s] INFO:colcon.colcon_core.shell:Creating prefix chain script '/home/chakrireddy1974/RAS-SES-598-Space-Robotics-and-AI/install/setup.sh'
[2.567s] INFO:colcon.colcon_core.shell:Creating prefix script '/home/chakrireddy1974/RAS-SES-598-Space-Robotics-and-AI/install/local_setup.bash'
[2.568s] INFO:colcon.colcon_core.shell:Creating prefix chain script '/home/chakrireddy1974/RAS-SES-598-Space-Robotics-and-AI/install/setup.bash'
[2.569s] INFO:colcon.colcon_core.shell:Creating prefix script '/home/chakrireddy1974/RAS-SES-598-Space-Robotics-and-AI/install/local_setup.zsh'
[2.571s] INFO:colcon.colcon_core.shell:Creating prefix chain script '/home/chakrireddy1974/RAS-SES-598-Space-Robotics-and-AI/install/setup.zsh'
