[2.009s] Invoking command in '/home/chakrireddy1974/RAS-SES-598-Space-Robotics-and-AI/build/dreams_stereo': DEBUGINFOD_URLS=https://debuginfod.ubuntu.com PYTHONPATH=/home/chakrireddy1974/RAS-SES-598-Space-Robotics-and-AI/build/dreams_stereo/prefix_override:/usr/lib/python3/dist-packages/colcon_core/task/python/colcon_distutils_commands:/home/chakrireddy1974/RAS-SES-598-Space-Robotics-and-AI/install/dreams_stereo/lib/python3.12/site-packages:${PYTHONPATH} /usr/bin/python3 -W ignore:setup.py install is deprecated -W ignore:easy_install command is deprecated setup.py develop --editable --build-directory /home/chakrireddy1974/RAS-SES-598-Space-Robotics-and-AI/build/dreams_stereo/build --no-deps symlink_data
[2.504s] running develop
[2.690s] /usr/lib/python3/dist-packages/setuptools/command/easy_install.py:363: UserWarning: Unbuilt egg for pytest-repeat [unknown version] (/usr/lib/python3/dist-packages)
[2.691s]   self.local_index = Environment(self.shadow_path + sys.path)
[2.727s] running egg_info
[2.753s] writing dreams_stereo.egg-info/PKG-INFO
[2.755s] writing dependency_links to dreams_stereo.egg-info/dependency_links.txt
[2.762s] writing entry points to dreams_stereo.egg-info/entry_points.txt
[2.762s] writing requirements to dreams_stereo.egg-info/requires.txt
[2.762s] writing top-level names to dreams_stereo.egg-info/top_level.txt
[2.805s] reading manifest file 'dreams_stereo.egg-info/SOURCES.txt'
[2.806s] writing manifest file 'dreams_stereo.egg-info/SOURCES.txt'
[2.827s] running build_ext
[2.827s] Creating /home/chakrireddy1974/RAS-SES-598-Space-Robotics-and-AI/install/dreams_stereo/lib/python3.12/site-packages/dreams-stereo.egg-link (link to .)
[2.829s] Installing feature_matcher script to /home/chakrireddy1974/RAS-SES-598-Space-Robotics-and-AI/install/dreams_stereo/lib/dreams_stereo
[2.830s] Installing feature_tracker script to /home/chakrireddy1974/RAS-SES-598-Space-Robotics-and-AI/install/dreams_stereo/lib/dreams_stereo
[2.831s] Installing stereo_processor script to /home/chakrireddy1974/RAS-SES-598-Space-Robotics-and-AI/install/dreams_stereo/lib/dreams_stereo
[2.832s] 
[2.832s] Installed /home/chakrireddy1974/RAS-SES-598-Space-Robotics-and-AI/build/dreams_stereo
[2.833s] running symlink_data
[2.881s] Invoked command in '/home/chakrireddy1974/RAS-SES-598-Space-Robotics-and-AI/build/dreams_stereo' returned '0': DEBUGINFOD_URLS=https://debuginfod.ubuntu.com PYTHONPATH=/home/chakrireddy1974/RAS-SES-598-Space-Robotics-and-AI/build/dreams_stereo/prefix_override:/usr/lib/python3/dist-packages/colcon_core/task/python/colcon_distutils_commands:/home/chakrireddy1974/RAS-SES-598-Space-Robotics-and-AI/install/dreams_stereo/lib/python3.12/site-packages:${PYTHONPATH} /usr/bin/python3 -W ignore:setup.py install is deprecated -W ignore:easy_install command is deprecated setup.py develop --editable --build-directory /home/chakrireddy1974/RAS-SES-598-Space-Robotics-and-AI/build/dreams_stereo/build --no-deps symlink_data
