[2.401s] Invoking command in '/home/chakrireddy1974/RAS-SES-598-Space-Robotics-and-AI/build/terrain_mapping_drone_control': DEBUGINFOD_URLS=https://debuginfod.ubuntu.com PYTHONPATH=/home/chakrireddy1974/RAS-SES-598-Space-Robotics-and-AI/build/terrain_mapping_drone_control/prefix_override:/usr/lib/python3/dist-packages/colcon_core/task/python/colcon_distutils_commands:/home/chakrireddy1974/RAS-SES-598-Space-Robotics-and-AI/install/terrain_mapping_drone_control/lib/python3.12/site-packages:${PYTHONPATH} /usr/bin/python3 -W ignore:setup.py install is deprecated -W ignore:easy_install command is deprecated setup.py develop --editable --build-directory /home/chakrireddy1974/RAS-SES-598-Space-Robotics-and-AI/build/terrain_mapping_drone_control/build --no-deps symlink_data
[3.177s] running develop
[3.530s] /usr/lib/python3/dist-packages/setuptools/command/easy_install.py:363: UserWarning: Unbuilt egg for pytest-repeat [unknown version] (/usr/lib/python3/dist-packages)
[3.530s]   self.local_index = Environment(self.shadow_path + sys.path)
[3.634s] running egg_info
[3.634s] creating terrain_mapping_drone_control.egg-info
[3.674s] writing terrain_mapping_drone_control.egg-info/PKG-INFO
[3.675s] writing dependency_links to terrain_mapping_drone_control.egg-info/dependency_links.txt
[3.676s] writing entry points to terrain_mapping_drone_control.egg-info/entry_points.txt
[3.676s] writing requirements to terrain_mapping_drone_control.egg-info/requires.txt
[3.676s] writing top-level names to terrain_mapping_drone_control.egg-info/top_level.txt
[3.676s] writing manifest file 'terrain_mapping_drone_control.egg-info/SOURCES.txt'
[3.749s] reading manifest file 'terrain_mapping_drone_control.egg-info/SOURCES.txt'
[3.752s] writing manifest file 'terrain_mapping_drone_control.egg-info/SOURCES.txt'
[3.821s] running build_ext
[3.822s] Creating /home/chakrireddy1974/RAS-SES-598-Space-Robotics-and-AI/install/terrain_mapping_drone_control/lib/python3.12/site-packages/terrain-mapping-drone-control.egg-link (link to .)
[3.824s] Installing aruco_tracker script to /home/chakrireddy1974/RAS-SES-598-Space-Robotics-and-AI/install/terrain_mapping_drone_control/bin
[3.824s] Installing cylinder_landing_node script to /home/chakrireddy1974/RAS-SES-598-Space-Robotics-and-AI/install/terrain_mapping_drone_control/bin
[3.825s] Installing feature_tracker script to /home/chakrireddy1974/RAS-SES-598-Space-Robotics-and-AI/install/terrain_mapping_drone_control/bin
[3.825s] Installing pose_visualizer script to /home/chakrireddy1974/RAS-SES-598-Space-Robotics-and-AI/install/terrain_mapping_drone_control/bin
[3.825s] Installing px4_odom_converter script to /home/chakrireddy1974/RAS-SES-598-Space-Robotics-and-AI/install/terrain_mapping_drone_control/bin
[3.825s] Installing spiral_trajectory script to /home/chakrireddy1974/RAS-SES-598-Space-Robotics-and-AI/install/terrain_mapping_drone_control/bin
[3.825s] 
[3.825s] Installed /home/chakrireddy1974/RAS-SES-598-Space-Robotics-and-AI/build/terrain_mapping_drone_control
[3.825s] running symlink_data
[3.825s] creating /home/chakrireddy1974/RAS-SES-598-Space-Robotics-and-AI/install/terrain_mapping_drone_control/share/ament_index
[3.826s] creating /home/chakrireddy1974/RAS-SES-598-Space-Robotics-and-AI/install/terrain_mapping_drone_control/share/ament_index/resource_index
[3.830s] creating /home/chakrireddy1974/RAS-SES-598-Space-Robotics-and-AI/install/terrain_mapping_drone_control/share/ament_index/resource_index/packages
[3.830s] symbolically linking /home/chakrireddy1974/RAS-SES-598-Space-Robotics-and-AI/build/terrain_mapping_drone_control/resource/terrain_mapping_drone_control -> /home/chakrireddy1974/RAS-SES-598-Space-Robotics-and-AI/install/terrain_mapping_drone_control/share/ament_index/resource_index/packages
[3.830s] symbolically linking /home/chakrireddy1974/RAS-SES-598-Space-Robotics-and-AI/build/terrain_mapping_drone_control/package.xml -> /home/chakrireddy1974/RAS-SES-598-Space-Robotics-and-AI/install/terrain_mapping_drone_control/share/terrain_mapping_drone_control
[3.835s] creating /home/chakrireddy1974/RAS-SES-598-Space-Robotics-and-AI/install/terrain_mapping_drone_control/share/terrain_mapping_drone_control/launch
[3.835s] symbolically linking /home/chakrireddy1974/RAS-SES-598-Space-Robotics-and-AI/build/terrain_mapping_drone_control/launch/terrain_mapping.launch.py -> /home/chakrireddy1974/RAS-SES-598-Space-Robotics-and-AI/install/terrain_mapping_drone_control/share/terrain_mapping_drone_control/launch
[3.835s] symbolically linking /home/chakrireddy1974/RAS-SES-598-Space-Robotics-and-AI/build/terrain_mapping_drone_control/launch/rtabmap.launch.py -> /home/chakrireddy1974/RAS-SES-598-Space-Robotics-and-AI/install/terrain_mapping_drone_control/share/terrain_mapping_drone_control/launch
[3.835s] symbolically linking /home/chakrireddy1974/RAS-SES-598-Space-Robotics-and-AI/build/terrain_mapping_drone_control/launch/cylinder_landing.launch.py -> /home/chakrireddy1974/RAS-SES-598-Space-Robotics-and-AI/install/terrain_mapping_drone_control/share/terrain_mapping_drone_control/launch
[3.835s] creating /home/chakrireddy1974/RAS-SES-598-Space-Robotics-and-AI/install/terrain_mapping_drone_control/share/terrain_mapping_drone_control/config
[3.835s] symbolically linking /home/chakrireddy1974/RAS-SES-598-Space-Robotics-and-AI/build/terrain_mapping_drone_control/config/terrain_mapping_params.yaml -> /home/chakrireddy1974/RAS-SES-598-Space-Robotics-and-AI/install/terrain_mapping_drone_control/share/terrain_mapping_drone_control/config
[3.835s] symbolically linking /home/chakrireddy1974/RAS-SES-598-Space-Robotics-and-AI/build/terrain_mapping_drone_control/config/Default.perspective -> /home/chakrireddy1974/RAS-SES-598-Space-Robotics-and-AI/install/terrain_mapping_drone_control/share/terrain_mapping_drone_control/config
[3.835s] symbolically linking /home/chakrireddy1974/RAS-SES-598-Space-Robotics-and-AI/build/terrain_mapping_drone_control/config/drone_viz.rviz -> /home/chakrireddy1974/RAS-SES-598-Space-Robotics-and-AI/install/terrain_mapping_drone_control/share/terrain_mapping_drone_control/config
[3.835s] creating /home/chakrireddy1974/RAS-SES-598-Space-Robotics-and-AI/install/terrain_mapping_drone_control/share/terrain_mapping_drone_control/models
[3.836s] creating /home/chakrireddy1974/RAS-SES-598-Space-Robotics-and-AI/install/terrain_mapping_drone_control/share/terrain_mapping_drone_control/models/terrain
[3.836s] symbolically linking /home/chakrireddy1974/RAS-SES-598-Space-Robotics-and-AI/build/terrain_mapping_drone_control/models/terrain/model.config -> /home/chakrireddy1974/RAS-SES-598-Space-Robotics-and-AI/install/terrain_mapping_drone_control/share/terrain_mapping_drone_control/models/terrain
[3.836s] symbolically linking /home/chakrireddy1974/RAS-SES-598-Space-Robotics-and-AI/build/terrain_mapping_drone_control/models/terrain/model.sdf -> /home/chakrireddy1974/RAS-SES-598-Space-Robotics-and-AI/install/terrain_mapping_drone_control/share/terrain_mapping_drone_control/models/terrain
[3.836s] creating /home/chakrireddy1974/RAS-SES-598-Space-Robotics-and-AI/install/terrain_mapping_drone_control/share/terrain_mapping_drone_control/models/terrain/meshes
[3.836s] symbolically linking /home/chakrireddy1974/RAS-SES-598-Space-Robotics-and-AI/build/terrain_mapping_drone_control/models/terrain/meshes/artburysol175.stl -> /home/chakrireddy1974/RAS-SES-598-Space-Robotics-and-AI/install/terrain_mapping_drone_control/share/terrain_mapping_drone_control/models/terrain/meshes
[3.836s] creating /home/chakrireddy1974/RAS-SES-598-Space-Robotics-and-AI/install/terrain_mapping_drone_control/share/terrain_mapping_drone_control/models/cylinder
[3.836s] symbolically linking /home/chakrireddy1974/RAS-SES-598-Space-Robotics-and-AI/build/terrain_mapping_drone_control/models/cylinder/model.config -> /home/chakrireddy1974/RAS-SES-598-Space-Robotics-and-AI/install/terrain_mapping_drone_control/share/terrain_mapping_drone_control/models/cylinder
[3.836s] symbolically linking /home/chakrireddy1974/RAS-SES-598-Space-Robotics-and-AI/build/terrain_mapping_drone_control/models/cylinder/model.sdf -> /home/chakrireddy1974/RAS-SES-598-Space-Robotics-and-AI/install/terrain_mapping_drone_control/share/terrain_mapping_drone_control/models/cylinder
[3.836s] creating /home/chakrireddy1974/RAS-SES-598-Space-Robotics-and-AI/install/terrain_mapping_drone_control/share/terrain_mapping_drone_control/models/cylinder/materials
[3.836s] symbolically linking /home/chakrireddy1974/RAS-SES-598-Space-Robotics-and-AI/build/terrain_mapping_drone_control/models/cylinder/materials/cylinder_texture.png -> /home/chakrireddy1974/RAS-SES-598-Space-Robotics-and-AI/install/terrain_mapping_drone_control/share/terrain_mapping_drone_control/models/cylinder/materials
[3.836s] symbolically linking /home/chakrireddy1974/RAS-SES-598-Space-Robotics-and-AI/build/terrain_mapping_drone_control/models/cylinder/materials/aruco_marker_0.png -> /home/chakrireddy1974/RAS-SES-598-Space-Robotics-and-AI/install/terrain_mapping_drone_control/share/terrain_mapping_drone_control/models/cylinder/materials
[3.836s] creating /home/chakrireddy1974/RAS-SES-598-Space-Robotics-and-AI/install/terrain_mapping_drone_control/share/terrain_mapping_drone_control/models/cylinder_small
[3.836s] creating /home/chakrireddy1974/RAS-SES-598-Space-Robotics-and-AI/install/terrain_mapping_drone_control/share/terrain_mapping_drone_control/models/cylinder_small/materials
[3.836s] creating /home/chakrireddy1974/RAS-SES-598-Space-Robotics-and-AI/install/terrain_mapping_drone_control/share/terrain_mapping_drone_control/models/cylinder_small/materials/textures
[3.836s] creating /home/chakrireddy1974/RAS-SES-598-Space-Robotics-and-AI/install/terrain_mapping_drone_control/lib/terrain_mapping_drone_control
[3.837s] symbolically linking /home/chakrireddy1974/RAS-SES-598-Space-Robotics-and-AI/build/terrain_mapping_drone_control/terrain_mapping_drone_control/cylinder_landing_node.py -> /home/chakrireddy1974/RAS-SES-598-Space-Robotics-and-AI/install/terrain_mapping_drone_control/lib/terrain_mapping_drone_control
[3.837s] symbolically linking /home/chakrireddy1974/RAS-SES-598-Space-Robotics-and-AI/build/terrain_mapping_drone_control/terrain_mapping_drone_control/aruco_tracker.py -> /home/chakrireddy1974/RAS-SES-598-Space-Robotics-and-AI/install/terrain_mapping_drone_control/lib/terrain_mapping_drone_control
[3.837s] creating /home/chakrireddy1974/RAS-SES-598-Space-Robotics-and-AI/install/terrain_mapping_drone_control/share/terrain_mapping_drone_control/models/cylinder_short
[3.837s] symbolically linking /home/chakrireddy1974/RAS-SES-598-Space-Robotics-and-AI/build/terrain_mapping_drone_control/models/cylinder_short/model.config -> /home/chakrireddy1974/RAS-SES-598-Space-Robotics-and-AI/install/terrain_mapping_drone_control/share/terrain_mapping_drone_control/models/cylinder_short
[3.837s] symbolically linking /home/chakrireddy1974/RAS-SES-598-Space-Robotics-and-AI/build/terrain_mapping_drone_control/models/cylinder_short/model.sdf -> /home/chakrireddy1974/RAS-SES-598-Space-Robotics-and-AI/install/terrain_mapping_drone_control/share/terrain_mapping_drone_control/models/cylinder_short
[3.837s] creating /home/chakrireddy1974/RAS-SES-598-Space-Robotics-and-AI/install/terrain_mapping_drone_control/share/terrain_mapping_drone_control/models/cylinder_short/materials
[3.837s] symbolically linking /home/chakrireddy1974/RAS-SES-598-Space-Robotics-and-AI/build/terrain_mapping_drone_control/models/cylinder_short/materials/cylinder_texture.png -> /home/chakrireddy1974/RAS-SES-598-Space-Robotics-and-AI/install/terrain_mapping_drone_control/share/terrain_mapping_drone_control/models/cylinder_short/materials
[3.838s] symbolically linking /home/chakrireddy1974/RAS-SES-598-Space-Robotics-and-AI/build/terrain_mapping_drone_control/models/cylinder_short/materials/aruco_marker_0.png -> /home/chakrireddy1974/RAS-SES-598-Space-Robotics-and-AI/install/terrain_mapping_drone_control/share/terrain_mapping_drone_control/models/cylinder_short/materials
[3.838s] creating /home/chakrireddy1974/RAS-SES-598-Space-Robotics-and-AI/install/terrain_mapping_drone_control/share/terrain_mapping_drone_control/models/cylinder_short/materials/textures
[3.923s] Invoked command in '/home/chakrireddy1974/RAS-SES-598-Space-Robotics-and-AI/build/terrain_mapping_drone_control' returned '0': DEBUGINFOD_URLS=https://debuginfod.ubuntu.com PYTHONPATH=/home/chakrireddy1974/RAS-SES-598-Space-Robotics-and-AI/build/terrain_mapping_drone_control/prefix_override:/usr/lib/python3/dist-packages/colcon_core/task/python/colcon_distutils_commands:/home/chakrireddy1974/RAS-SES-598-Space-Robotics-and-AI/install/terrain_mapping_drone_control/lib/python3.12/site-packages:${PYTHONPATH} /usr/bin/python3 -W ignore:setup.py install is deprecated -W ignore:easy_install command is deprecated setup.py develop --editable --build-directory /home/chakrireddy1974/RAS-SES-598-Space-Robotics-and-AI/build/terrain_mapping_drone_control/build --no-deps symlink_data
