running develop
/usr/lib/python3/dist-packages/setuptools/command/easy_install.py:363: UserWarning: Unbuilt egg for pytest-repeat [unknown version] (/usr/lib/python3/dist-packages)
  self.local_index = Environment(self.shadow_path + sys.path)
running egg_info
writing terrain_mapping_drone_control.egg-info/PKG-INFO
writing dependency_links to terrain_mapping_drone_control.egg-info/dependency_links.txt
writing entry points to terrain_mapping_drone_control.egg-info/entry_points.txt
writing requirements to terrain_mapping_drone_control.egg-info/requires.txt
writing top-level names to terrain_mapping_drone_control.egg-info/top_level.txt
reading manifest file 'terrain_mapping_drone_control.egg-info/SOURCES.txt'
writing manifest file 'terrain_mapping_drone_control.egg-info/SOURCES.txt'
running build_ext
Creating /home/chakrireddy1974/RAS-SES-598-Space-Robotics-and-AI/install/terrain_mapping_drone_control/lib/python3.12/site-packages/terrain-mapping-drone-control.egg-link (link to .)
Installing aruco_tracker script to /home/chakrireddy1974/RAS-SES-598-Space-Robotics-and-AI/install/terrain_mapping_drone_control/bin
Installing cylinder_landing_node script to /home/chakrireddy1974/RAS-SES-598-Space-Robotics-and-AI/install/terrain_mapping_drone_control/bin
Installing feature_tracker script to /home/chakrireddy1974/RAS-SES-598-Space-Robotics-and-AI/install/terrain_mapping_drone_control/bin
Installing pose_visualizer script to /home/chakrireddy1974/RAS-SES-598-Space-Robotics-and-AI/install/terrain_mapping_drone_control/bin
Installing px4_odom_converter script to /home/chakrireddy1974/RAS-SES-598-Space-Robotics-and-AI/install/terrain_mapping_drone_control/bin
Installing spiral_trajectory script to /home/chakrireddy1974/RAS-SES-598-Space-Robotics-and-AI/install/terrain_mapping_drone_control/bin

Installed /home/chakrireddy1974/RAS-SES-598-Space-Robotics-and-AI/build/terrain_mapping_drone_control
running symlink_data
