[3.536s] Invoking command in '/home/chakrireddy1974/RAS-SES-598-Space-Robotics-and-AI/build/cart_pole_optimal_control': DEBUGINFOD_URLS=https://debuginfod.ubuntu.com PYTHONPATH=/home/chakrireddy1974/RAS-SES-598-Space-Robotics-and-AI/build/cart_pole_optimal_control/prefix_override:/usr/lib/python3/dist-packages/colcon_core/task/python/colcon_distutils_commands:/home/chakrireddy1974/RAS-SES-598-Space-Robotics-and-AI/install/cart_pole_optimal_control/lib/python3.12/site-packages:${PYTHONPATH} /usr/bin/python3 -W ignore:setup.py install is deprecated -W ignore:easy_install command is deprecated setup.py develop --editable --build-directory /home/chakrireddy1974/RAS-SES-598-Space-Robotics-and-AI/build/cart_pole_optimal_control/build --no-deps symlink_data
[4.106s] running develop
[4.380s] /usr/lib/python3/dist-packages/setuptools/command/easy_install.py:363: UserWarning: Unbuilt egg for pytest-repeat [unknown version] (/usr/lib/python3/dist-packages)
[4.380s]   self.local_index = Environment(self.shadow_path + sys.path)
[4.440s] running egg_info
[4.478s] writing cart_pole_optimal_control.egg-info/PKG-INFO
[4.478s] writing dependency_links to cart_pole_optimal_control.egg-info/dependency_links.txt
[4.482s] writing entry points to cart_pole_optimal_control.egg-info/entry_points.txt
[4.482s] writing requirements to cart_pole_optimal_control.egg-info/requires.txt
[4.482s] writing top-level names to cart_pole_optimal_control.egg-info/top_level.txt
[4.572s] reading manifest file 'cart_pole_optimal_control.egg-info/SOURCES.txt'
[4.573s] writing manifest file 'cart_pole_optimal_control.egg-info/SOURCES.txt'
[4.573s] running build_ext
[4.577s] Creating /home/chakrireddy1974/RAS-SES-598-Space-Robotics-and-AI/install/cart_pole_optimal_control/lib/python3.12/site-packages/cart-pole-optimal-control.egg-link (link to .)
[4.577s] Installing earthquake_force_generator script to /home/chakrireddy1974/RAS-SES-598-Space-Robotics-and-AI/install/cart_pole_optimal_control/lib/cart_pole_optimal_control
[4.578s] Installing force_visualizer script to /home/chakrireddy1974/RAS-SES-598-Space-Robotics-and-AI/install/cart_pole_optimal_control/lib/cart_pole_optimal_control
[4.578s] Installing lqr_controller script to /home/chakrireddy1974/RAS-SES-598-Space-Robotics-and-AI/install/cart_pole_optimal_control/lib/cart_pole_optimal_control
[4.578s] Installing state_republisher script to /home/chakrireddy1974/RAS-SES-598-Space-Robotics-and-AI/install/cart_pole_optimal_control/lib/cart_pole_optimal_control
[4.579s] 
[4.579s] Installed /home/chakrireddy1974/RAS-SES-598-Space-Robotics-and-AI/build/cart_pole_optimal_control
[4.579s] running symlink_data
[4.745s] Invoked command in '/home/chakrireddy1974/RAS-SES-598-Space-Robotics-and-AI/build/cart_pole_optimal_control' returned '0': DEBUGINFOD_URLS=https://debuginfod.ubuntu.com PYTHONPATH=/home/chakrireddy1974/RAS-SES-598-Space-Robotics-and-AI/build/cart_pole_optimal_control/prefix_override:/usr/lib/python3/dist-packages/colcon_core/task/python/colcon_distutils_commands:/home/chakrireddy1974/RAS-SES-598-Space-Robotics-and-AI/install/cart_pole_optimal_control/lib/python3.12/site-packages:${PYTHONPATH} /usr/bin/python3 -W ignore:setup.py install is deprecated -W ignore:easy_install command is deprecated setup.py develop --editable --build-directory /home/chakrireddy1974/RAS-SES-598-Space-Robotics-and-AI/build/cart_pole_optimal_control/build --no-deps symlink_data
