running develop
/usr/lib/python3/dist-packages/setuptools/command/easy_install.py:363: UserWarning: Unbuilt egg for pytest-repeat [unknown version] (/usr/lib/python3/dist-packages)
  self.local_index = Environment(self.shadow_path + sys.path)
running egg_info
creating dreams_robot_control.egg-info
writing dreams_robot_control.egg-info/PKG-INFO
writing dependency_links to dreams_robot_control.egg-info/dependency_links.txt
writing entry points to dreams_robot_control.egg-info/entry_points.txt
writing requirements to dreams_robot_control.egg-info/requires.txt
writing top-level names to dreams_robot_control.egg-info/top_level.txt
writing manifest file 'dreams_robot_control.egg-info/SOURCES.txt'
reading manifest file 'dreams_robot_control.egg-info/SOURCES.txt'
writing manifest file 'dreams_robot_control.egg-info/SOURCES.txt'
running build_ext
Creating /home/chakrireddy1974/RAS-SES-598-Space-Robotics-and-AI/install/dreams_robot_control/lib/python3.12/site-packages/dreams-robot-control.egg-link (link to .)
Installing circular_trajectory_controller script to /home/chakrireddy1974/RAS-SES-598-Space-Robotics-and-AI/install/dreams_robot_control/lib/dreams_robot_control

Installed /home/chakrireddy1974/RAS-SES-598-Space-Robotics-and-AI/build/dreams_robot_control
running symlink_data
creating /home/chakrireddy1974/RAS-SES-598-Space-Robotics-and-AI/install/dreams_robot_control/share/ament_index
creating /home/chakrireddy1974/RAS-SES-598-Space-Robotics-and-AI/install/dreams_robot_control/share/ament_index/resource_index
creating /home/chakrireddy1974/RAS-SES-598-Space-Robotics-and-AI/install/dreams_robot_control/share/ament_index/resource_index/packages
symbolically linking /home/chakrireddy1974/RAS-SES-598-Space-Robotics-and-AI/build/dreams_robot_control/resource/dreams_robot_control -> /home/chakrireddy1974/RAS-SES-598-Space-Robotics-and-AI/install/dreams_robot_control/share/ament_index/resource_index/packages
symbolically linking /home/chakrireddy1974/RAS-SES-598-Space-Robotics-and-AI/build/dreams_robot_control/package.xml -> /home/chakrireddy1974/RAS-SES-598-Space-Robotics-and-AI/install/dreams_robot_control/share/dreams_robot_control
