[5.936s] Invoking command in '/home/chakrireddy1974/RAS-SES-598-Space-Robotics-and-AI/build/cart_pole_optimal_control': DEBUGINFOD_URLS=https://debuginfod.ubuntu.com PYTHONPATH=/home/chakrireddy1974/RAS-SES-598-Space-Robotics-and-AI/build/cart_pole_optimal_control/prefix_override:/usr/lib/python3/dist-packages/colcon_core/task/python/colcon_distutils_commands:/home/chakrireddy1974/RAS-SES-598-Space-Robotics-and-AI/install/cart_pole_optimal_control/lib/python3.12/site-packages:${PYTHONPATH} /usr/bin/python3 -W ignore:setup.py install is deprecated -W ignore:easy_install command is deprecated setup.py develop --editable --build-directory /home/chakrireddy1974/RAS-SES-598-Space-Robotics-and-AI/build/cart_pole_optimal_control/build --no-deps symlink_data
[6.555s] running develop
[6.940s] /usr/lib/python3/dist-packages/setuptools/command/easy_install.py:363: UserWarning: Unbuilt egg for pytest-repeat [unknown version] (/usr/lib/python3/dist-packages)
[6.940s]   self.local_index = Environment(self.shadow_path + sys.path)
[7.039s] running egg_info
[7.095s] writing cart_pole_optimal_control.egg-info/PKG-INFO
[7.098s] writing dependency_links to cart_pole_optimal_control.egg-info/dependency_links.txt
[7.099s] writing entry points to cart_pole_optimal_control.egg-info/entry_points.txt
[7.100s] writing requirements to cart_pole_optimal_control.egg-info/requires.txt
[7.101s] writing top-level names to cart_pole_optimal_control.egg-info/top_level.txt
[7.258s] reading manifest file 'cart_pole_optimal_control.egg-info/SOURCES.txt'
[7.261s] writing manifest file 'cart_pole_optimal_control.egg-info/SOURCES.txt'
[7.314s] running build_ext
[7.318s] Creating /home/chakrireddy1974/RAS-SES-598-Space-Robotics-and-AI/install/cart_pole_optimal_control/lib/python3.12/site-packages/cart-pole-optimal-control.egg-link (link to .)
[7.358s] Installing earthquake_force_generator script to /home/chakrireddy1974/RAS-SES-598-Space-Robotics-and-AI/install/cart_pole_optimal_control/lib/cart_pole_optimal_control
[7.359s] Installing force_visualizer script to /home/chakrireddy1974/RAS-SES-598-Space-Robotics-and-AI/install/cart_pole_optimal_control/lib/cart_pole_optimal_control
[7.359s] Installing lqr_controller script to /home/chakrireddy1974/RAS-SES-598-Space-Robotics-and-AI/install/cart_pole_optimal_control/lib/cart_pole_optimal_control
[7.360s] Installing state_republisher script to /home/chakrireddy1974/RAS-SES-598-Space-Robotics-and-AI/install/cart_pole_optimal_control/lib/cart_pole_optimal_control
[7.360s] 
[7.360s] Installed /home/chakrireddy1974/RAS-SES-598-Space-Robotics-and-AI/build/cart_pole_optimal_control
[7.360s] running symlink_data
[7.817s] Invoked command in '/home/chakrireddy1974/RAS-SES-598-Space-Robotics-and-AI/build/cart_pole_optimal_control' returned '0': DEBUGINFOD_URLS=https://debuginfod.ubuntu.com PYTHONPATH=/home/chakrireddy1974/RAS-SES-598-Space-Robotics-and-AI/build/cart_pole_optimal_control/prefix_override:/usr/lib/python3/dist-packages/colcon_core/task/python/colcon_distutils_commands:/home/chakrireddy1974/RAS-SES-598-Space-Robotics-and-AI/install/cart_pole_optimal_control/lib/python3.12/site-packages:${PYTHONPATH} /usr/bin/python3 -W ignore:setup.py install is deprecated -W ignore:easy_install command is deprecated setup.py develop --editable --build-directory /home/chakrireddy1974/RAS-SES-598-Space-Robotics-and-AI/build/cart_pole_optimal_control/build --no-deps symlink_data
